running develop
running egg_info
creating pkg.egg-info
writing pkg.egg-info/PKG-INFO
writing dependency_links to pkg.egg-info/dependency_links.txt
writing entry points to pkg.egg-info/entry_points.txt
writing requirements to pkg.egg-info/requires.txt
writing top-level names to pkg.egg-info/top_level.txt
writing manifest file 'pkg.egg-info/SOURCES.txt'
reading manifest file 'pkg.egg-info/SOURCES.txt'
writing manifest file 'pkg.egg-info/SOURCES.txt'
running build_ext
Creating /workspaces/project_on_robotic/ros2/install/pkg/lib/python3.10/site-packages/pkg.egg-link (link to .)
Installing driver script to /workspaces/project_on_robotic/ros2/install/pkg/lib/pkg
Installing planner script to /workspaces/project_on_robotic/ros2/install/pkg/lib/pkg
Installing vision script to /workspaces/project_on_robotic/ros2/install/pkg/lib/pkg

Installed /workspaces/project_on_robotic/ros2/build/pkg
running symlink_data
creating /workspaces/project_on_robotic/ros2/install/pkg/share/ament_index
creating /workspaces/project_on_robotic/ros2/install/pkg/share/ament_index/resource_index
creating /workspaces/project_on_robotic/ros2/install/pkg/share/ament_index/resource_index/packages
symbolically linking /workspaces/project_on_robotic/ros2/build/pkg/resource/pkg -> /workspaces/project_on_robotic/ros2/install/pkg/share/ament_index/resource_index/packages
symbolically linking /workspaces/project_on_robotic/ros2/build/pkg/package.xml -> /workspaces/project_on_robotic/ros2/install/pkg/share/pkg
creating /workspaces/project_on_robotic/ros2/install/pkg/share/pkg/launch
creating /workspaces/project_on_robotic/ros2/install/pkg/share/pkg/config
symbolically linking /workspaces/project_on_robotic/ros2/build/pkg/config/params.yaml -> /workspaces/project_on_robotic/ros2/install/pkg/share/pkg/config
creating /workspaces/project_on_robotic/ros2/install/pkg/share/pkg/init
symbolically linking /workspaces/project_on_robotic/ros2/build/pkg/pkg/init/best.pt -> /workspaces/project_on_robotic/ros2/install/pkg/share/pkg/init
symbolically linking /workspaces/project_on_robotic/ros2/build/pkg/pkg/init/pixel_per_cm.py -> /workspaces/project_on_robotic/ros2/install/pkg/share/pkg/init
