[0.577s] Invoking command in '/workspaces/project_on_robotic/ros2/build/pkg': PYTHONPATH=/workspaces/project_on_robotic/ros2/build/pkg/prefix_override:/usr/lib/python3/dist-packages/colcon_core/task/python/colcon_distutils_commands:/workspaces/project_on_robotic/ros2/install/pkg/lib/python3.10/site-packages:${PYTHONPATH} /usr/bin/python3 -W ignore:setup.py install is deprecated -W ignore:easy_install command is deprecated setup.py develop --editable --build-directory /workspaces/project_on_robotic/ros2/build/pkg/build --no-deps symlink_data
[0.844s] running develop
[1.021s] running egg_info
[1.021s] creating pkg.egg-info
[1.021s] writing pkg.egg-info/PKG-INFO
[1.021s] writing dependency_links to pkg.egg-info/dependency_links.txt
[1.022s] writing entry points to pkg.egg-info/entry_points.txt
[1.022s] writing requirements to pkg.egg-info/requires.txt
[1.022s] writing top-level names to pkg.egg-info/top_level.txt
[1.022s] writing manifest file 'pkg.egg-info/SOURCES.txt'
[1.025s] reading manifest file 'pkg.egg-info/SOURCES.txt'
[1.026s] writing manifest file 'pkg.egg-info/SOURCES.txt'
[1.027s] running build_ext
[1.027s] Creating /workspaces/project_on_robotic/ros2/install/pkg/lib/python3.10/site-packages/pkg.egg-link (link to .)
[1.027s] Installing driver script to /workspaces/project_on_robotic/ros2/install/pkg/lib/pkg
[1.028s] Installing planner script to /workspaces/project_on_robotic/ros2/install/pkg/lib/pkg
[1.028s] Installing vision script to /workspaces/project_on_robotic/ros2/install/pkg/lib/pkg
[1.028s] 
[1.028s] Installed /workspaces/project_on_robotic/ros2/build/pkg
[1.028s] running symlink_data
[1.028s] creating /workspaces/project_on_robotic/ros2/install/pkg/share/ament_index
[1.028s] creating /workspaces/project_on_robotic/ros2/install/pkg/share/ament_index/resource_index
[1.028s] creating /workspaces/project_on_robotic/ros2/install/pkg/share/ament_index/resource_index/packages
[1.029s] symbolically linking /workspaces/project_on_robotic/ros2/build/pkg/resource/pkg -> /workspaces/project_on_robotic/ros2/install/pkg/share/ament_index/resource_index/packages
[1.029s] symbolically linking /workspaces/project_on_robotic/ros2/build/pkg/package.xml -> /workspaces/project_on_robotic/ros2/install/pkg/share/pkg
[1.029s] creating /workspaces/project_on_robotic/ros2/install/pkg/share/pkg/launch
[1.029s] creating /workspaces/project_on_robotic/ros2/install/pkg/share/pkg/config
[1.029s] symbolically linking /workspaces/project_on_robotic/ros2/build/pkg/config/params.yaml -> /workspaces/project_on_robotic/ros2/install/pkg/share/pkg/config
[1.029s] creating /workspaces/project_on_robotic/ros2/install/pkg/share/pkg/init
[1.029s] symbolically linking /workspaces/project_on_robotic/ros2/build/pkg/pkg/init/best.pt -> /workspaces/project_on_robotic/ros2/install/pkg/share/pkg/init
[1.029s] symbolically linking /workspaces/project_on_robotic/ros2/build/pkg/pkg/init/pixel_per_cm.py -> /workspaces/project_on_robotic/ros2/install/pkg/share/pkg/init
[1.063s] Invoked command in '/workspaces/project_on_robotic/ros2/build/pkg' returned '0': PYTHONPATH=/workspaces/project_on_robotic/ros2/build/pkg/prefix_override:/usr/lib/python3/dist-packages/colcon_core/task/python/colcon_distutils_commands:/workspaces/project_on_robotic/ros2/install/pkg/lib/python3.10/site-packages:${PYTHONPATH} /usr/bin/python3 -W ignore:setup.py install is deprecated -W ignore:easy_install command is deprecated setup.py develop --editable --build-directory /workspaces/project_on_robotic/ros2/build/pkg/build --no-deps symlink_data
