[0.199s] DEBUG:colcon:Command line arguments: ['/usr/bin/colcon', 'build', '--symlink-install']
[0.199s] DEBUG:colcon:Parsed command line arguments: Namespace(log_base=None, log_level=None, verb_name='build', build_base='build', install_base='install', merge_install=False, symlink_install=True, test_result_base=None, continue_on_error=False, executor='parallel', parallel_workers=12, event_handlers=None, ignore_user_meta=False, metas=['./colcon.meta'], base_paths=['.'], packages_ignore=None, packages_ignore_regex=None, paths=None, packages_up_to=None, packages_up_to_regex=None, packages_above=None, packages_above_and_dependencies=None, packages_above_depth=None, packages_select_by_dep=None, packages_skip_by_dep=None, packages_skip_up_to=None, packages_select_build_failed=False, packages_skip_build_finished=False, packages_select_test_failures=False, packages_skip_test_passed=False, packages_select=None, packages_skip=None, packages_select_regex=None, packages_skip_regex=None, packages_start=None, packages_end=None, cmake_args=None, cmake_target=None, cmake_target_skip_unavailable=False, cmake_clean_cache=False, cmake_clean_first=False, cmake_force_configure=False, ament_cmake_args=None, catkin_cmake_args=None, catkin_skip_building_tests=False, mixin_files=None, mixin=None, verb_parser=<colcon_mixin.mixin.mixin_argument.MixinArgumentDecorator object at 0x7f7ee6c3c040>, verb_extension=<colcon_core.verb.build.BuildVerb object at 0x7f7ee6c0f9d0>, main=<bound method BuildVerb.main of <colcon_core.verb.build.BuildVerb object at 0x7f7ee6c0f9d0>>, mixin_verb=('build',))
[0.398s] Level 1:colcon.colcon_core.package_discovery:discover_packages(colcon_meta) check parameters
[0.399s] INFO:colcon.colcon_metadata.package_discovery.colcon_meta:Using configuration from '/root/.colcon/metadata/default/Gazebo.meta'
[0.399s] INFO:colcon.colcon_metadata.package_discovery.colcon_meta:Using configuration from '/root/.colcon/metadata/default/fastdds.meta'
[0.400s] INFO:colcon.colcon_metadata.package_discovery.colcon_meta:Using configuration from '/root/.colcon/metadata/default/fastrtps.meta'
[0.400s] Level 1:colcon.colcon_core.package_discovery:discover_packages(recursive) check parameters
[0.400s] Level 1:colcon.colcon_core.package_discovery:discover_packages(ignore) check parameters
[0.400s] Level 1:colcon.colcon_core.package_discovery:discover_packages(path) check parameters
[0.400s] Level 1:colcon.colcon_core.package_discovery:discover_packages(colcon_meta) discover
[0.400s] Level 1:colcon.colcon_core.package_discovery:discover_packages(recursive) discover
[0.400s] INFO:colcon.colcon_core.package_discovery:Crawling recursively for packages in '/workspaces/project_on_robotic/ros2'
[0.400s] Level 1:colcon.colcon_core.package_identification:_identify(.) by extensions ['ignore', 'ignore_ament_install']
[0.400s] Level 1:colcon.colcon_core.package_identification:_identify(.) by extension 'ignore'
[0.400s] Level 1:colcon.colcon_core.package_identification:_identify(.) by extension 'ignore_ament_install'
[0.400s] Level 1:colcon.colcon_core.package_identification:_identify(.) by extensions ['colcon_pkg']
[0.401s] Level 1:colcon.colcon_core.package_identification:_identify(.) by extension 'colcon_pkg'
[0.401s] Level 1:colcon.colcon_core.package_identification:_identify(.) by extensions ['colcon_meta']
[0.401s] Level 1:colcon.colcon_core.package_identification:_identify(.) by extension 'colcon_meta'
[0.401s] Level 1:colcon.colcon_core.package_identification:_identify(.) by extensions ['ros']
[0.401s] Level 1:colcon.colcon_core.package_identification:_identify(.) by extension 'ros'
[0.413s] Level 1:colcon.colcon_core.package_identification:_identify(.) by extensions ['cmake', 'python']
[0.413s] Level 1:colcon.colcon_core.package_identification:_identify(.) by extension 'cmake'
[0.413s] Level 1:colcon.colcon_core.package_identification:_identify(.) by extension 'python'
[0.413s] Level 1:colcon.colcon_core.package_identification:_identify(.) by extensions ['python_setup_py']
[0.413s] Level 1:colcon.colcon_core.package_identification:_identify(.) by extension 'python_setup_py'
[0.413s] Level 1:colcon.colcon_core.package_identification:_identify(build) by extensions ['ignore', 'ignore_ament_install']
[0.413s] Level 1:colcon.colcon_core.package_identification:_identify(build) by extension 'ignore'
[0.413s] Level 1:colcon.colcon_core.package_identification:_identify(build) ignored
[0.413s] Level 1:colcon.colcon_core.package_identification:_identify(install) by extensions ['ignore', 'ignore_ament_install']
[0.413s] Level 1:colcon.colcon_core.package_identification:_identify(install) by extension 'ignore'
[0.413s] Level 1:colcon.colcon_core.package_identification:_identify(install) ignored
[0.413s] Level 1:colcon.colcon_core.package_identification:_identify(log) by extensions ['ignore', 'ignore_ament_install']
[0.414s] Level 1:colcon.colcon_core.package_identification:_identify(log) by extension 'ignore'
[0.414s] Level 1:colcon.colcon_core.package_identification:_identify(log) ignored
[0.414s] Level 1:colcon.colcon_core.package_identification:_identify(src) by extensions ['ignore', 'ignore_ament_install']
[0.414s] Level 1:colcon.colcon_core.package_identification:_identify(src) by extension 'ignore'
[0.414s] Level 1:colcon.colcon_core.package_identification:_identify(src) by extension 'ignore_ament_install'
[0.414s] Level 1:colcon.colcon_core.package_identification:_identify(src) by extensions ['colcon_pkg']
[0.414s] Level 1:colcon.colcon_core.package_identification:_identify(src) by extension 'colcon_pkg'
[0.414s] Level 1:colcon.colcon_core.package_identification:_identify(src) by extensions ['colcon_meta']
[0.414s] Level 1:colcon.colcon_core.package_identification:_identify(src) by extension 'colcon_meta'
[0.414s] Level 1:colcon.colcon_core.package_identification:_identify(src) by extensions ['ros']
[0.414s] Level 1:colcon.colcon_core.package_identification:_identify(src) by extension 'ros'
[0.414s] Level 1:colcon.colcon_core.package_identification:_identify(src) by extensions ['cmake', 'python']
[0.414s] Level 1:colcon.colcon_core.package_identification:_identify(src) by extension 'cmake'
[0.414s] Level 1:colcon.colcon_core.package_identification:_identify(src) by extension 'python'
[0.414s] Level 1:colcon.colcon_core.package_identification:_identify(src) by extensions ['python_setup_py']
[0.414s] Level 1:colcon.colcon_core.package_identification:_identify(src) by extension 'python_setup_py'
[0.414s] Level 1:colcon.colcon_core.package_identification:_identify(src/robot_interfaces) by extensions ['ignore', 'ignore_ament_install']
[0.414s] Level 1:colcon.colcon_core.package_identification:_identify(src/robot_interfaces) by extension 'ignore'
[0.414s] Level 1:colcon.colcon_core.package_identification:_identify(src/robot_interfaces) by extension 'ignore_ament_install'
[0.414s] Level 1:colcon.colcon_core.package_identification:_identify(src/robot_interfaces) by extensions ['colcon_pkg']
[0.415s] Level 1:colcon.colcon_core.package_identification:_identify(src/robot_interfaces) by extension 'colcon_pkg'
[0.415s] Level 1:colcon.colcon_core.package_identification:_identify(src/robot_interfaces) by extensions ['colcon_meta']
[0.415s] Level 1:colcon.colcon_core.package_identification:_identify(src/robot_interfaces) by extension 'colcon_meta'
[0.415s] Level 1:colcon.colcon_core.package_identification:_identify(src/robot_interfaces) by extensions ['ros']
[0.415s] Level 1:colcon.colcon_core.package_identification:_identify(src/robot_interfaces) by extension 'ros'
[0.417s] DEBUG:colcon.colcon_core.package_identification:Package 'src/robot_interfaces' with type 'ros.ament_cmake' and name 'robot_interfaces'
[0.417s] Level 1:colcon.colcon_core.package_identification:_identify(src/robot_pkg) by extensions ['ignore', 'ignore_ament_install']
[0.417s] Level 1:colcon.colcon_core.package_identification:_identify(src/robot_pkg) by extension 'ignore'
[0.417s] Level 1:colcon.colcon_core.package_identification:_identify(src/robot_pkg) by extension 'ignore_ament_install'
[0.417s] Level 1:colcon.colcon_core.package_identification:_identify(src/robot_pkg) by extensions ['colcon_pkg']
[0.417s] Level 1:colcon.colcon_core.package_identification:_identify(src/robot_pkg) by extension 'colcon_pkg'
[0.418s] Level 1:colcon.colcon_core.package_identification:_identify(src/robot_pkg) by extensions ['colcon_meta']
[0.418s] Level 1:colcon.colcon_core.package_identification:_identify(src/robot_pkg) by extension 'colcon_meta'
[0.418s] Level 1:colcon.colcon_core.package_identification:_identify(src/robot_pkg) by extensions ['ros']
[0.418s] Level 1:colcon.colcon_core.package_identification:_identify(src/robot_pkg) by extension 'ros'
[0.418s] DEBUG:colcon.colcon_core.package_identification:Package 'src/robot_pkg' with type 'ros.ament_python' and name 'pkg'
[0.418s] Level 1:colcon.colcon_core.package_discovery:discover_packages(recursive) using defaults
[0.418s] Level 1:colcon.colcon_core.package_discovery:discover_packages(ignore) discover
[0.419s] Level 1:colcon.colcon_core.package_discovery:discover_packages(ignore) using defaults
[0.419s] Level 1:colcon.colcon_core.package_discovery:discover_packages(path) discover
[0.419s] Level 1:colcon.colcon_core.package_discovery:discover_packages(path) using defaults
[0.444s] Level 5:colcon.colcon_core.verb:set package 'robot_interfaces' build argument 'cmake_args' from command line to 'None'
[0.444s] Level 5:colcon.colcon_core.verb:set package 'robot_interfaces' build argument 'cmake_target' from command line to 'None'
[0.444s] Level 5:colcon.colcon_core.verb:set package 'robot_interfaces' build argument 'cmake_target_skip_unavailable' from command line to 'False'
[0.444s] Level 5:colcon.colcon_core.verb:set package 'robot_interfaces' build argument 'cmake_clean_cache' from command line to 'False'
[0.444s] Level 5:colcon.colcon_core.verb:set package 'robot_interfaces' build argument 'cmake_clean_first' from command line to 'False'
[0.444s] Level 5:colcon.colcon_core.verb:set package 'robot_interfaces' build argument 'cmake_force_configure' from command line to 'False'
[0.444s] Level 5:colcon.colcon_core.verb:set package 'robot_interfaces' build argument 'ament_cmake_args' from command line to 'None'
[0.444s] Level 5:colcon.colcon_core.verb:set package 'robot_interfaces' build argument 'catkin_cmake_args' from command line to 'None'
[0.444s] Level 5:colcon.colcon_core.verb:set package 'robot_interfaces' build argument 'catkin_skip_building_tests' from command line to 'False'
[0.444s] DEBUG:colcon.colcon_core.verb:Building package 'robot_interfaces' with the following arguments: {'ament_cmake_args': None, 'build_base': '/workspaces/project_on_robotic/ros2/build/robot_interfaces', 'catkin_cmake_args': None, 'catkin_skip_building_tests': False, 'cmake_args': None, 'cmake_clean_cache': False, 'cmake_clean_first': False, 'cmake_force_configure': False, 'cmake_target': None, 'cmake_target_skip_unavailable': False, 'install_base': '/workspaces/project_on_robotic/ros2/install/robot_interfaces', 'merge_install': False, 'path': '/workspaces/project_on_robotic/ros2/src/robot_interfaces', 'symlink_install': True, 'test_result_base': None}
[0.444s] Level 5:colcon.colcon_core.verb:set package 'pkg' build argument 'cmake_args' from command line to 'None'
[0.445s] Level 5:colcon.colcon_core.verb:set package 'pkg' build argument 'cmake_target' from command line to 'None'
[0.445s] Level 5:colcon.colcon_core.verb:set package 'pkg' build argument 'cmake_target_skip_unavailable' from command line to 'False'
[0.445s] Level 5:colcon.colcon_core.verb:set package 'pkg' build argument 'cmake_clean_cache' from command line to 'False'
[0.445s] Level 5:colcon.colcon_core.verb:set package 'pkg' build argument 'cmake_clean_first' from command line to 'False'
[0.445s] Level 5:colcon.colcon_core.verb:set package 'pkg' build argument 'cmake_force_configure' from command line to 'False'
[0.445s] Level 5:colcon.colcon_core.verb:set package 'pkg' build argument 'ament_cmake_args' from command line to 'None'
[0.445s] Level 5:colcon.colcon_core.verb:set package 'pkg' build argument 'catkin_cmake_args' from command line to 'None'
[0.445s] Level 5:colcon.colcon_core.verb:set package 'pkg' build argument 'catkin_skip_building_tests' from command line to 'False'
[0.445s] DEBUG:colcon.colcon_core.verb:Building package 'pkg' with the following arguments: {'ament_cmake_args': None, 'build_base': '/workspaces/project_on_robotic/ros2/build/pkg', 'catkin_cmake_args': None, 'catkin_skip_building_tests': False, 'cmake_args': None, 'cmake_clean_cache': False, 'cmake_clean_first': False, 'cmake_force_configure': False, 'cmake_target': None, 'cmake_target_skip_unavailable': False, 'install_base': '/workspaces/project_on_robotic/ros2/install/pkg', 'merge_install': False, 'path': '/workspaces/project_on_robotic/ros2/src/robot_pkg', 'symlink_install': True, 'test_result_base': None}
[0.445s] INFO:colcon.colcon_core.executor:Executing jobs using 'parallel' executor
[0.446s] DEBUG:colcon.colcon_parallel_executor.executor.parallel:run_until_complete
[0.446s] INFO:colcon.colcon_ros.task.ament_cmake.build:Building ROS package in '/workspaces/project_on_robotic/ros2/src/robot_interfaces' with build type 'ament_cmake'
[0.446s] INFO:colcon.colcon_cmake.task.cmake.build:Building CMake package in '/workspaces/project_on_robotic/ros2/src/robot_interfaces'
[0.450s] INFO:colcon.colcon_core.plugin_system:Skipping extension 'colcon_core.shell.bat': Not used on non-Windows systems
[0.450s] INFO:colcon.colcon_core.shell:Skip shell extension 'powershell' for command environment: Not usable outside of PowerShell
[0.450s] DEBUG:colcon.colcon_core.shell:Skip shell extension 'dsv' for command environment
[0.452s] WARNING:colcon.colcon_ros.prefix_path.ament:The path '/workspaces/project_on_robotic/ros2/install/robot_interfaces' in the environment variable AMENT_PREFIX_PATH doesn't exist
[0.452s] WARNING:colcon.colcon_ros.prefix_path.catkin:The path '/workspaces/project_on_robotic/ros2/install/robot_interfaces' in the environment variable CMAKE_PREFIX_PATH doesn't exist
[0.461s] DEBUG:colcon.colcon_core.event_handler.log_command:Invoking command in '/workspaces/project_on_robotic/ros2/build/robot_interfaces': CMAKE_PREFIX_PATH=${CMAKE_PREFIX_PATH}:/opt/ros/humble /usr/bin/cmake /workspaces/project_on_robotic/ros2/src/robot_interfaces -DAMENT_CMAKE_SYMLINK_INSTALL=1 -DCMAKE_INSTALL_PREFIX=/workspaces/project_on_robotic/ros2/install/robot_interfaces
[2.107s] DEBUG:colcon.colcon_core.event_handler.log_command:Invoked command in '/workspaces/project_on_robotic/ros2/build/robot_interfaces' returned '0': CMAKE_PREFIX_PATH=${CMAKE_PREFIX_PATH}:/opt/ros/humble /usr/bin/cmake /workspaces/project_on_robotic/ros2/src/robot_interfaces -DAMENT_CMAKE_SYMLINK_INSTALL=1 -DCMAKE_INSTALL_PREFIX=/workspaces/project_on_robotic/ros2/install/robot_interfaces
[2.109s] DEBUG:colcon.colcon_core.event_handler.log_command:Invoking command in '/workspaces/project_on_robotic/ros2/build/robot_interfaces': CMAKE_PREFIX_PATH=${CMAKE_PREFIX_PATH}:/opt/ros/humble /usr/bin/cmake --build /workspaces/project_on_robotic/ros2/build/robot_interfaces -- -j12 -l12
[5.342s] DEBUG:colcon.colcon_core.event_handler.log_command:Invoked command in '/workspaces/project_on_robotic/ros2/build/robot_interfaces' returned '0': CMAKE_PREFIX_PATH=${CMAKE_PREFIX_PATH}:/opt/ros/humble /usr/bin/cmake --build /workspaces/project_on_robotic/ros2/build/robot_interfaces -- -j12 -l12
[5.351s] DEBUG:colcon.colcon_core.event_handler.log_command:Invoking command in '/workspaces/project_on_robotic/ros2/build/robot_interfaces': CMAKE_PREFIX_PATH=${CMAKE_PREFIX_PATH}:/opt/ros/humble /usr/bin/cmake --install /workspaces/project_on_robotic/ros2/build/robot_interfaces
[6.104s] Level 1:colcon.colcon_core.environment:create_environment_scripts_only(robot_interfaces)
[6.104s] DEBUG:colcon.colcon_core.event_handler.log_command:Invoked command in '/workspaces/project_on_robotic/ros2/build/robot_interfaces' returned '0': CMAKE_PREFIX_PATH=${CMAKE_PREFIX_PATH}:/opt/ros/humble /usr/bin/cmake --install /workspaces/project_on_robotic/ros2/build/robot_interfaces
[6.109s] Level 1:colcon.colcon_core.environment:checking '/workspaces/project_on_robotic/ros2/install/robot_interfaces' for CMake module files
[6.109s] Level 1:colcon.colcon_core.environment:checking '/workspaces/project_on_robotic/ros2/install/robot_interfaces' for CMake config files
[6.110s] Level 1:colcon.colcon_core.shell:create_environment_hook('robot_interfaces', 'cmake_prefix_path')
[6.111s] INFO:colcon.colcon_core.shell:Creating environment hook '/workspaces/project_on_robotic/ros2/install/robot_interfaces/share/robot_interfaces/hook/cmake_prefix_path.ps1'
[6.112s] INFO:colcon.colcon_core.shell:Creating environment descriptor '/workspaces/project_on_robotic/ros2/install/robot_interfaces/share/robot_interfaces/hook/cmake_prefix_path.dsv'
[6.113s] INFO:colcon.colcon_core.shell:Creating environment hook '/workspaces/project_on_robotic/ros2/install/robot_interfaces/share/robot_interfaces/hook/cmake_prefix_path.sh'
[6.114s] Level 1:colcon.colcon_core.environment:checking '/workspaces/project_on_robotic/ros2/install/robot_interfaces/lib'
[6.114s] Level 1:colcon.colcon_core.shell:create_environment_hook('robot_interfaces', 'ld_library_path_lib')
[6.114s] INFO:colcon.colcon_core.shell:Creating environment hook '/workspaces/project_on_robotic/ros2/install/robot_interfaces/share/robot_interfaces/hook/ld_library_path_lib.ps1'
[6.115s] INFO:colcon.colcon_core.shell:Creating environment descriptor '/workspaces/project_on_robotic/ros2/install/robot_interfaces/share/robot_interfaces/hook/ld_library_path_lib.dsv'
[6.115s] INFO:colcon.colcon_core.shell:Creating environment hook '/workspaces/project_on_robotic/ros2/install/robot_interfaces/share/robot_interfaces/hook/ld_library_path_lib.sh'
[6.115s] Level 1:colcon.colcon_core.environment:checking '/workspaces/project_on_robotic/ros2/install/robot_interfaces/bin'
[6.116s] Level 1:colcon.colcon_core.environment:checking '/workspaces/project_on_robotic/ros2/install/robot_interfaces/lib/pkgconfig/robot_interfaces.pc'
[6.117s] Level 1:colcon.colcon_core.environment:checking '/workspaces/project_on_robotic/ros2/install/robot_interfaces/lib/python3.10/site-packages'
[6.118s] Level 1:colcon.colcon_core.environment:checking '/workspaces/project_on_robotic/ros2/install/robot_interfaces/bin'
[6.118s] INFO:colcon.colcon_core.shell:Creating package script '/workspaces/project_on_robotic/ros2/install/robot_interfaces/share/robot_interfaces/package.ps1'
[6.119s] INFO:colcon.colcon_core.shell:Creating package descriptor '/workspaces/project_on_robotic/ros2/install/robot_interfaces/share/robot_interfaces/package.dsv'
[6.120s] INFO:colcon.colcon_core.shell:Creating package script '/workspaces/project_on_robotic/ros2/install/robot_interfaces/share/robot_interfaces/package.sh'
[6.120s] INFO:colcon.colcon_core.shell:Creating package script '/workspaces/project_on_robotic/ros2/install/robot_interfaces/share/robot_interfaces/package.bash'
[6.122s] INFO:colcon.colcon_core.shell:Creating package script '/workspaces/project_on_robotic/ros2/install/robot_interfaces/share/robot_interfaces/package.zsh'
[6.122s] Level 1:colcon.colcon_core.environment:create_file_with_runtime_dependencies(/workspaces/project_on_robotic/ros2/install/robot_interfaces/share/colcon-core/packages/robot_interfaces)
[6.123s] Level 1:colcon.colcon_core.environment:create_environment_scripts_only(robot_interfaces)
[6.123s] Level 1:colcon.colcon_core.environment:checking '/workspaces/project_on_robotic/ros2/install/robot_interfaces' for CMake module files
[6.124s] Level 1:colcon.colcon_core.environment:checking '/workspaces/project_on_robotic/ros2/install/robot_interfaces' for CMake config files
[6.125s] Level 1:colcon.colcon_core.shell:create_environment_hook('robot_interfaces', 'cmake_prefix_path')
[6.125s] INFO:colcon.colcon_core.shell:Creating environment hook '/workspaces/project_on_robotic/ros2/install/robot_interfaces/share/robot_interfaces/hook/cmake_prefix_path.ps1'
[6.126s] INFO:colcon.colcon_core.shell:Creating environment descriptor '/workspaces/project_on_robotic/ros2/install/robot_interfaces/share/robot_interfaces/hook/cmake_prefix_path.dsv'
[6.126s] INFO:colcon.colcon_core.shell:Creating environment hook '/workspaces/project_on_robotic/ros2/install/robot_interfaces/share/robot_interfaces/hook/cmake_prefix_path.sh'
[6.126s] Level 1:colcon.colcon_core.environment:checking '/workspaces/project_on_robotic/ros2/install/robot_interfaces/lib'
[6.127s] Level 1:colcon.colcon_core.shell:create_environment_hook('robot_interfaces', 'ld_library_path_lib')
[6.127s] INFO:colcon.colcon_core.shell:Creating environment hook '/workspaces/project_on_robotic/ros2/install/robot_interfaces/share/robot_interfaces/hook/ld_library_path_lib.ps1'
[6.127s] INFO:colcon.colcon_core.shell:Creating environment descriptor '/workspaces/project_on_robotic/ros2/install/robot_interfaces/share/robot_interfaces/hook/ld_library_path_lib.dsv'
[6.128s] INFO:colcon.colcon_core.shell:Creating environment hook '/workspaces/project_on_robotic/ros2/install/robot_interfaces/share/robot_interfaces/hook/ld_library_path_lib.sh'
[6.128s] Level 1:colcon.colcon_core.environment:checking '/workspaces/project_on_robotic/ros2/install/robot_interfaces/bin'
[6.128s] Level 1:colcon.colcon_core.environment:checking '/workspaces/project_on_robotic/ros2/install/robot_interfaces/lib/pkgconfig/robot_interfaces.pc'
[6.128s] Level 1:colcon.colcon_core.environment:checking '/workspaces/project_on_robotic/ros2/install/robot_interfaces/lib/python3.10/site-packages'
[6.129s] Level 1:colcon.colcon_core.environment:checking '/workspaces/project_on_robotic/ros2/install/robot_interfaces/bin'
[6.129s] INFO:colcon.colcon_core.shell:Creating package script '/workspaces/project_on_robotic/ros2/install/robot_interfaces/share/robot_interfaces/package.ps1'
[6.130s] INFO:colcon.colcon_core.shell:Creating package descriptor '/workspaces/project_on_robotic/ros2/install/robot_interfaces/share/robot_interfaces/package.dsv'
[6.130s] INFO:colcon.colcon_core.shell:Creating package script '/workspaces/project_on_robotic/ros2/install/robot_interfaces/share/robot_interfaces/package.sh'
[6.143s] INFO:colcon.colcon_core.shell:Creating package script '/workspaces/project_on_robotic/ros2/install/robot_interfaces/share/robot_interfaces/package.bash'
[6.143s] INFO:colcon.colcon_core.shell:Creating package script '/workspaces/project_on_robotic/ros2/install/robot_interfaces/share/robot_interfaces/package.zsh'
[6.143s] Level 1:colcon.colcon_core.environment:create_file_with_runtime_dependencies(/workspaces/project_on_robotic/ros2/install/robot_interfaces/share/colcon-core/packages/robot_interfaces)
[6.144s] INFO:colcon.colcon_ros.task.ament_python.build:Building ROS package in '/workspaces/project_on_robotic/ros2/src/robot_pkg' with build type 'ament_python'
[6.144s] Level 1:colcon.colcon_core.shell:create_environment_hook('pkg', 'ament_prefix_path')
[6.144s] INFO:colcon.colcon_core.shell:Creating environment hook '/workspaces/project_on_robotic/ros2/install/pkg/share/pkg/hook/ament_prefix_path.ps1'
[6.145s] INFO:colcon.colcon_core.shell:Creating environment descriptor '/workspaces/project_on_robotic/ros2/install/pkg/share/pkg/hook/ament_prefix_path.dsv'
[6.145s] INFO:colcon.colcon_core.shell:Creating environment hook '/workspaces/project_on_robotic/ros2/install/pkg/share/pkg/hook/ament_prefix_path.sh'
[6.146s] INFO:colcon.colcon_core.shell:Skip shell extension 'powershell' for command environment: Not usable outside of PowerShell
[6.146s] DEBUG:colcon.colcon_core.shell:Skip shell extension 'dsv' for command environment
[6.392s] INFO:colcon.colcon_core.task.python.build:Building Python package in '/workspaces/project_on_robotic/ros2/src/robot_pkg'
[6.392s] INFO:colcon.colcon_core.shell:Skip shell extension 'powershell' for command environment: Not usable outside of PowerShell
[6.392s] DEBUG:colcon.colcon_core.shell:Skip shell extension 'dsv' for command environment
[6.723s] DEBUG:colcon.colcon_core.event_handler.log_command:Invoking command in '/workspaces/project_on_robotic/ros2/build/pkg': PYTHONPATH=/workspaces/project_on_robotic/ros2/build/pkg/prefix_override:/usr/lib/python3/dist-packages/colcon_core/task/python/colcon_distutils_commands:/workspaces/project_on_robotic/ros2/install/pkg/lib/python3.10/site-packages:${PYTHONPATH} /usr/bin/python3 -W ignore:setup.py install is deprecated -W ignore:easy_install command is deprecated setup.py develop --editable --build-directory /workspaces/project_on_robotic/ros2/build/pkg/build --no-deps symlink_data
[7.208s] Level 1:colcon.colcon_core.shell:create_environment_hook('pkg', 'pythonpath_develop')
[7.208s] INFO:colcon.colcon_core.shell:Creating environment hook '/workspaces/project_on_robotic/ros2/build/pkg/share/pkg/hook/pythonpath_develop.ps1'
[7.209s] DEBUG:colcon.colcon_core.event_handler.log_command:Invoked command in '/workspaces/project_on_robotic/ros2/build/pkg' returned '0': PYTHONPATH=/workspaces/project_on_robotic/ros2/build/pkg/prefix_override:/usr/lib/python3/dist-packages/colcon_core/task/python/colcon_distutils_commands:/workspaces/project_on_robotic/ros2/install/pkg/lib/python3.10/site-packages:${PYTHONPATH} /usr/bin/python3 -W ignore:setup.py install is deprecated -W ignore:easy_install command is deprecated setup.py develop --editable --build-directory /workspaces/project_on_robotic/ros2/build/pkg/build --no-deps symlink_data
[7.209s] INFO:colcon.colcon_core.shell:Creating environment descriptor '/workspaces/project_on_robotic/ros2/build/pkg/share/pkg/hook/pythonpath_develop.dsv'
[7.210s] INFO:colcon.colcon_core.shell:Creating environment hook '/workspaces/project_on_robotic/ros2/build/pkg/share/pkg/hook/pythonpath_develop.sh'
[7.210s] Level 1:colcon.colcon_core.environment:checking '/workspaces/project_on_robotic/ros2/install/pkg' for CMake module files
[7.211s] Level 1:colcon.colcon_core.environment:checking '/workspaces/project_on_robotic/ros2/install/pkg' for CMake config files
[7.211s] Level 1:colcon.colcon_core.environment:checking '/workspaces/project_on_robotic/ros2/install/pkg/lib'
[7.211s] Level 1:colcon.colcon_core.environment:checking '/workspaces/project_on_robotic/ros2/install/pkg/bin'
[7.211s] Level 1:colcon.colcon_core.environment:checking '/workspaces/project_on_robotic/ros2/install/pkg/lib/pkgconfig/pkg.pc'
[7.211s] Level 1:colcon.colcon_core.environment:checking '/workspaces/project_on_robotic/ros2/install/pkg/lib/python3.10/site-packages'
[7.211s] Level 1:colcon.colcon_core.shell:create_environment_hook('pkg', 'pythonpath')
[7.212s] INFO:colcon.colcon_core.shell:Creating environment hook '/workspaces/project_on_robotic/ros2/install/pkg/share/pkg/hook/pythonpath.ps1'
[7.212s] INFO:colcon.colcon_core.shell:Creating environment descriptor '/workspaces/project_on_robotic/ros2/install/pkg/share/pkg/hook/pythonpath.dsv'
[7.212s] INFO:colcon.colcon_core.shell:Creating environment hook '/workspaces/project_on_robotic/ros2/install/pkg/share/pkg/hook/pythonpath.sh'
[7.213s] Level 1:colcon.colcon_core.environment:checking '/workspaces/project_on_robotic/ros2/install/pkg/bin'
[7.213s] Level 1:colcon.colcon_core.environment:create_environment_scripts_only(pkg)
[7.213s] INFO:colcon.colcon_core.shell:Creating package script '/workspaces/project_on_robotic/ros2/install/pkg/share/pkg/package.ps1'
[7.214s] INFO:colcon.colcon_core.shell:Creating package descriptor '/workspaces/project_on_robotic/ros2/install/pkg/share/pkg/package.dsv'
[7.214s] INFO:colcon.colcon_core.shell:Creating package script '/workspaces/project_on_robotic/ros2/install/pkg/share/pkg/package.sh'
[7.215s] INFO:colcon.colcon_core.shell:Creating package script '/workspaces/project_on_robotic/ros2/install/pkg/share/pkg/package.bash'
[7.215s] INFO:colcon.colcon_core.shell:Creating package script '/workspaces/project_on_robotic/ros2/install/pkg/share/pkg/package.zsh'
[7.215s] Level 1:colcon.colcon_core.environment:create_file_with_runtime_dependencies(/workspaces/project_on_robotic/ros2/install/pkg/share/colcon-core/packages/pkg)
[7.216s] DEBUG:colcon.colcon_parallel_executor.executor.parallel:closing loop
[7.216s] DEBUG:colcon.colcon_parallel_executor.executor.parallel:loop closed
[7.216s] DEBUG:colcon.colcon_parallel_executor.executor.parallel:run_until_complete finished with '0'
[7.216s] DEBUG:colcon.colcon_core.event_reactor:joining thread
[7.226s] INFO:colcon.colcon_core.plugin_system:Skipping extension 'colcon_notification.desktop_notification.notify_send': Could not find 'notify-send'
[7.226s] INFO:colcon.colcon_core.plugin_system:Skipping extension 'colcon_notification.desktop_notification.terminal_notifier': Not used on non-Darwin systems
[7.226s] INFO:colcon.colcon_core.plugin_system:Skipping extension 'colcon_notification.desktop_notification.win32': Not used on non-Windows systems
[7.226s] INFO:colcon.colcon_notification.desktop_notification:Sending desktop notification using 'notify2'
[7.229s] DEBUG:colcon.colcon_notification.desktop_notification.notify2:Failed to initialize notify2: org.freedesktop.DBus.Error.Spawn.ExecFailed: /usr/bin/dbus-launch terminated abnormally without any error message
[7.229s] DEBUG:colcon.colcon_core.event_reactor:joined thread
[7.230s] INFO:colcon.colcon_core.shell:Creating prefix script '/workspaces/project_on_robotic/ros2/install/local_setup.ps1'
[7.232s] INFO:colcon.colcon_core.shell:Creating prefix util module '/workspaces/project_on_robotic/ros2/install/_local_setup_util_ps1.py'
[7.233s] INFO:colcon.colcon_core.shell:Creating prefix chain script '/workspaces/project_on_robotic/ros2/install/setup.ps1'
[7.235s] INFO:colcon.colcon_core.shell:Creating prefix script '/workspaces/project_on_robotic/ros2/install/local_setup.sh'
[7.235s] INFO:colcon.colcon_core.shell:Creating prefix util module '/workspaces/project_on_robotic/ros2/install/_local_setup_util_sh.py'
[7.236s] INFO:colcon.colcon_core.shell:Creating prefix chain script '/workspaces/project_on_robotic/ros2/install/setup.sh'
[7.238s] INFO:colcon.colcon_core.shell:Creating prefix script '/workspaces/project_on_robotic/ros2/install/local_setup.bash'
[7.238s] INFO:colcon.colcon_core.shell:Creating prefix chain script '/workspaces/project_on_robotic/ros2/install/setup.bash'
[7.240s] INFO:colcon.colcon_core.shell:Creating prefix script '/workspaces/project_on_robotic/ros2/install/local_setup.zsh'
[7.241s] INFO:colcon.colcon_core.shell:Creating prefix chain script '/workspaces/project_on_robotic/ros2/install/setup.zsh'
