-- The C compiler identification is GNU 11.4.0
-- The CXX compiler identification is GNU 11.4.0
-- Detecting C compiler ABI info
-- Detecting C compiler ABI info - done
-- Check for working C compiler: /usr/bin/cc - skipped
-- Detecting C compile features
-- Detecting C compile features - done
-- Detecting CXX compiler ABI info
-- Detecting CXX compiler ABI info - done
-- Check for working CXX compiler: /usr/bin/c++ - skipped
-- Detecting CXX compile features
-- Detecting CXX compile features - done
-- Found ament_cmake: 1.3.12 (/opt/ros/humble/share/ament_cmake/cmake)
-- Found Python3: /usr/bin/python3 (found version "3.10.12") found components: Interpreter 
-- Override CMake install command with custom implementation using symlinks instead of copying resources
-- Found rosidl_default_generators: 1.2.0 (/opt/ros/humble/share/rosidl_default_generators/cmake)
-- Using all available rosidl_typesupport_c: rosidl_typesupport_fastrtps_c;rosidl_typesupport_introspection_c
-- Found rosidl_adapter: 3.1.7 (/opt/ros/humble/share/rosidl_adapter/cmake)
-- Using all available rosidl_typesupport_cpp: rosidl_typesupport_fastrtps_cpp;rosidl_typesupport_introspection_cpp
-- Found action_msgs: 1.2.2 (/opt/ros/humble/share/action_msgs/cmake)
-- Found ament_cmake_ros: 0.10.0 (/opt/ros/humble/share/ament_cmake_ros/cmake)
-- Using all available rosidl_typesupport_c: rosidl_typesupport_fastrtps_c;rosidl_typesupport_introspection_c
-- Using all available rosidl_typesupport_cpp: rosidl_typesupport_fastrtps_cpp;rosidl_typesupport_introspection_cpp
-- Found PythonInterp: /usr/bin/python3 (found suitable version "3.10.12", minimum required is "3.6") 
-- Found python_cmake_module: 0.10.0 (/opt/ros/humble/share/python_cmake_module/cmake)
-- Found PythonLibs: /usr/lib/x86_64-linux-gnu/libpython3.10.so (found suitable version "3.10.12", minimum required is "3.5") 
-- Using PYTHON_EXECUTABLE: /usr/bin/python3
-- Using PYTHON_INCLUDE_DIRS: /usr/include/python3.10
-- Using PYTHON_LIBRARIES: /usr/lib/x86_64-linux-gnu/libpython3.10.so
-- Found PythonExtra: .so  
-- Configuring done
-- Generating done
-- Build files have been written to: /workspaces/project_on_robotic/ros2/build/robot_interfaces
[  2%] [34m[1mGenerating C code for ROS interfaces[0m
[  5%] [34m[1mGenerating C++ code for ROS interfaces[0m
[  5%] Built target ament_cmake_python_symlink_robot_interfaces
running egg_info
creating robot_interfaces.egg-info
writing robot_interfaces.egg-info/PKG-INFO
writing dependency_links to robot_interfaces.egg-info/dependency_links.txt
writing top-level names to robot_interfaces.egg-info/top_level.txt
writing manifest file 'robot_interfaces.egg-info/SOURCES.txt'
reading manifest file 'robot_interfaces.egg-info/SOURCES.txt'
writing manifest file 'robot_interfaces.egg-info/SOURCES.txt'
[  5%] Built target ament_cmake_python_build_robot_interfaces_egg
[  7%] [32mBuilding C object CMakeFiles/robot_interfaces__rosidl_generator_c.dir/rosidl_generator_c/robot_interfaces/action/detail/move_arm__functions.c.o[0m
[ 10%] [32mBuilding C object CMakeFiles/robot_interfaces__rosidl_generator_c.dir/rosidl_generator_c/robot_interfaces/srv/detail/grip_command__functions.c.o[0m
[ 10%] Built target robot_interfaces__cpp
[ 15%] [34m[1mGenerating C++ type support dispatch for ROS interfaces[0m
[ 15%] [34m[1mGenerating C++ type support for eProsima Fast-RTPS[0m
[ 17%] [34m[1mGenerating C++ introspection for ROS interfaces[0m
[ 20%] [32m[1mLinking C shared library librobot_interfaces__rosidl_generator_c.so[0m
[ 20%] Built target robot_interfaces__rosidl_generator_c
[ 23%] [34m[1mGenerating C type support dispatch for ROS interfaces[0m
[ 25%] [34m[1mGenerating C type support for eProsima Fast-RTPS[0m
[ 28%] [34m[1mGenerating C introspection for ROS interfaces[0m
[ 33%] [32mBuilding CXX object CMakeFiles/robot_interfaces__rosidl_typesupport_cpp.dir/rosidl_typesupport_cpp/robot_interfaces/srv/grip_command__type_support.cpp.o[0m
[ 33%] [32mBuilding CXX object CMakeFiles/robot_interfaces__rosidl_typesupport_cpp.dir/rosidl_typesupport_cpp/robot_interfaces/action/move_arm__type_support.cpp.o[0m
[ 35%] [32mBuilding CXX object CMakeFiles/robot_interfaces__rosidl_typesupport_introspection_cpp.dir/rosidl_typesupport_introspection_cpp/robot_interfaces/action/detail/move_arm__type_support.cpp.o[0m
[ 38%] [32mBuilding CXX object CMakeFiles/robot_interfaces__rosidl_typesupport_introspection_cpp.dir/rosidl_typesupport_introspection_cpp/robot_interfaces/srv/detail/grip_command__type_support.cpp.o[0m
[ 41%] [32mBuilding CXX object CMakeFiles/robot_interfaces__rosidl_typesupport_fastrtps_cpp.dir/rosidl_typesupport_fastrtps_cpp/robot_interfaces/action/detail/dds_fastrtps/move_arm__type_support.cpp.o[0m
[ 43%] [32mBuilding CXX object CMakeFiles/robot_interfaces__rosidl_typesupport_fastrtps_cpp.dir/rosidl_typesupport_fastrtps_cpp/robot_interfaces/srv/detail/dds_fastrtps/grip_command__type_support.cpp.o[0m
[ 48%] [32mBuilding CXX object CMakeFiles/robot_interfaces__rosidl_typesupport_c.dir/rosidl_typesupport_c/robot_interfaces/srv/grip_command__type_support.cpp.o[0m
[ 48%] [32mBuilding CXX object CMakeFiles/robot_interfaces__rosidl_typesupport_c.dir/rosidl_typesupport_c/robot_interfaces/action/move_arm__type_support.cpp.o[0m
[ 51%] [32m[1mLinking CXX shared library librobot_interfaces__rosidl_typesupport_c.so[0m
[ 51%] Built target robot_interfaces__rosidl_typesupport_c
[ 56%] [32mBuilding C object CMakeFiles/robot_interfaces__rosidl_typesupport_introspection_c.dir/rosidl_typesupport_introspection_c/robot_interfaces/srv/detail/grip_command__type_support.c.o[0m
[ 56%] [32mBuilding C object CMakeFiles/robot_interfaces__rosidl_typesupport_introspection_c.dir/rosidl_typesupport_introspection_c/robot_interfaces/action/detail/move_arm__type_support.c.o[0m
[ 58%] [32mBuilding CXX object CMakeFiles/robot_interfaces__rosidl_typesupport_fastrtps_c.dir/rosidl_typesupport_fastrtps_c/robot_interfaces/srv/detail/grip_command__type_support_c.cpp.o[0m
[ 61%] [32mBuilding CXX object CMakeFiles/robot_interfaces__rosidl_typesupport_fastrtps_c.dir/rosidl_typesupport_fastrtps_c/robot_interfaces/action/detail/move_arm__type_support_c.cpp.o[0m
[ 64%] [32m[1mLinking C shared library librobot_interfaces__rosidl_typesupport_introspection_c.so[0m
[ 64%] Built target robot_interfaces__rosidl_typesupport_introspection_c
[ 66%] [32m[1mLinking CXX shared library librobot_interfaces__rosidl_typesupport_cpp.so[0m
[ 66%] Built target robot_interfaces__rosidl_typesupport_cpp
[ 69%] [32m[1mLinking CXX shared library librobot_interfaces__rosidl_typesupport_introspection_cpp.so[0m
[ 71%] [32m[1mLinking CXX shared library librobot_interfaces__rosidl_typesupport_fastrtps_c.so[0m
[ 74%] [32m[1mLinking CXX shared library librobot_interfaces__rosidl_typesupport_fastrtps_cpp.so[0m
[ 74%] Built target robot_interfaces__rosidl_typesupport_introspection_cpp
[ 74%] Built target robot_interfaces__rosidl_typesupport_fastrtps_c
[ 74%] Built target robot_interfaces__rosidl_typesupport_fastrtps_cpp
[ 74%] Built target robot_interfaces
[ 76%] [34m[1mGenerating Python code for ROS interfaces[0m
[ 76%] Built target robot_interfaces__py
[ 79%] [32mBuilding C object CMakeFiles/robot_interfaces__rosidl_generator_py.dir/rosidl_generator_py/robot_interfaces/srv/_grip_command_s.c.o[0m
[ 82%] [32mBuilding C object CMakeFiles/robot_interfaces__rosidl_generator_py.dir/rosidl_generator_py/robot_interfaces/action/_move_arm_s.c.o[0m
[ 84%] [32m[1mLinking C shared library rosidl_generator_py/robot_interfaces/librobot_interfaces__rosidl_generator_py.so[0m
[ 84%] Built target robot_interfaces__rosidl_generator_py
[ 89%] [32mBuilding C object CMakeFiles/robot_interfaces__rosidl_typesupport_introspection_c__pyext.dir/rosidl_generator_py/robot_interfaces/_robot_interfaces_s.ep.rosidl_typesupport_introspection_c.c.o[0m
[ 89%] [32mBuilding C object CMakeFiles/robot_interfaces__rosidl_typesupport_c__pyext.dir/rosidl_generator_py/robot_interfaces/_robot_interfaces_s.ep.rosidl_typesupport_c.c.o[0m
[ 92%] [32mBuilding C object CMakeFiles/robot_interfaces__rosidl_typesupport_fastrtps_c__pyext.dir/rosidl_generator_py/robot_interfaces/_robot_interfaces_s.ep.rosidl_typesupport_fastrtps_c.c.o[0m
[ 94%] [32m[1mLinking C shared library rosidl_generator_py/robot_interfaces/robot_interfaces_s__rosidl_typesupport_fastrtps_c.cpython-310-x86_64-linux-gnu.so[0m
[ 97%] [32m[1mLinking C shared library rosidl_generator_py/robot_interfaces/robot_interfaces_s__rosidl_typesupport_introspection_c.cpython-310-x86_64-linux-gnu.so[0m
[100%] [32m[1mLinking C shared library rosidl_generator_py/robot_interfaces/robot_interfaces_s__rosidl_typesupport_c.cpython-310-x86_64-linux-gnu.so[0m
[100%] Built target robot_interfaces__rosidl_typesupport_fastrtps_c__pyext
[100%] Built target robot_interfaces__rosidl_typesupport_introspection_c__pyext
[100%] Built target robot_interfaces__rosidl_typesupport_c__pyext
-- Install configuration: ""
-- Execute custom install script
-- Symlinking: /workspaces/project_on_robotic/ros2/install/robot_interfaces/share/ament_index/resource_index/rosidl_interfaces/robot_interfaces
-- Symlinking: /workspaces/project_on_robotic/ros2/install/robot_interfaces/include/robot_interfaces/robot_interfaces/action/detail/move_arm__functions.h
-- Symlinking: /workspaces/project_on_robotic/ros2/install/robot_interfaces/include/robot_interfaces/robot_interfaces/action/detail/move_arm__struct.h
-- Symlinking: /workspaces/project_on_robotic/ros2/install/robot_interfaces/include/robot_interfaces/robot_interfaces/action/detail/move_arm__type_support.h
-- Symlinking: /workspaces/project_on_robotic/ros2/install/robot_interfaces/include/robot_interfaces/robot_interfaces/action/move_arm.h
-- Symlinking: /workspaces/project_on_robotic/ros2/install/robot_interfaces/include/robot_interfaces/robot_interfaces/msg/rosidl_generator_c__visibility_control.h
-- Symlinking: /workspaces/project_on_robotic/ros2/install/robot_interfaces/include/robot_interfaces/robot_interfaces/srv/detail/grip_command__functions.h
-- Symlinking: /workspaces/project_on_robotic/ros2/install/robot_interfaces/include/robot_interfaces/robot_interfaces/srv/detail/grip_command__struct.h
-- Symlinking: /workspaces/project_on_robotic/ros2/install/robot_interfaces/include/robot_interfaces/robot_interfaces/srv/detail/grip_command__type_support.h
-- Symlinking: /workspaces/project_on_robotic/ros2/install/robot_interfaces/include/robot_interfaces/robot_interfaces/srv/grip_command.h
-- Symlinking: /workspaces/project_on_robotic/ros2/install/robot_interfaces/share/robot_interfaces/environment/library_path.sh
-- Symlinking: /workspaces/project_on_robotic/ros2/install/robot_interfaces/share/robot_interfaces/environment/library_path.dsv
-- Symlinking: /workspaces/project_on_robotic/ros2/install/robot_interfaces/include/robot_interfaces/robot_interfaces/action/detail/move_arm__rosidl_typesupport_fastrtps_c.h
-- Symlinking: /workspaces/project_on_robotic/ros2/install/robot_interfaces/include/robot_interfaces/robot_interfaces/msg/rosidl_typesupport_fastrtps_c__visibility_control.h
-- Symlinking: /workspaces/project_on_robotic/ros2/install/robot_interfaces/include/robot_interfaces/robot_interfaces/srv/detail/grip_command__rosidl_typesupport_fastrtps_c.h
-- Symlinking: /workspaces/project_on_robotic/ros2/install/robot_interfaces/include/robot_interfaces/robot_interfaces/action/detail/move_arm__rosidl_typesupport_introspection_c.h
-- Symlinking: /workspaces/project_on_robotic/ros2/install/robot_interfaces/include/robot_interfaces/robot_interfaces/msg/rosidl_typesupport_introspection_c__visibility_control.h
-- Symlinking: /workspaces/project_on_robotic/ros2/install/robot_interfaces/include/robot_interfaces/robot_interfaces/srv/detail/grip_command__rosidl_typesupport_introspection_c.h
-- Symlinking: /workspaces/project_on_robotic/ros2/install/robot_interfaces/include/robot_interfaces/robot_interfaces/action/detail/move_arm__builder.hpp
-- Symlinking: /workspaces/project_on_robotic/ros2/install/robot_interfaces/include/robot_interfaces/robot_interfaces/action/detail/move_arm__struct.hpp
-- Symlinking: /workspaces/project_on_robotic/ros2/install/robot_interfaces/include/robot_interfaces/robot_interfaces/action/detail/move_arm__traits.hpp
-- Symlinking: /workspaces/project_on_robotic/ros2/install/robot_interfaces/include/robot_interfaces/robot_interfaces/action/detail/move_arm__type_support.hpp
-- Symlinking: /workspaces/project_on_robotic/ros2/install/robot_interfaces/include/robot_interfaces/robot_interfaces/action/move_arm.hpp
-- Symlinking: /workspaces/project_on_robotic/ros2/install/robot_interfaces/include/robot_interfaces/robot_interfaces/msg/rosidl_generator_cpp__visibility_control.hpp
-- Symlinking: /workspaces/project_on_robotic/ros2/install/robot_interfaces/include/robot_interfaces/robot_interfaces/srv/detail/grip_command__builder.hpp
-- Symlinking: /workspaces/project_on_robotic/ros2/install/robot_interfaces/include/robot_interfaces/robot_interfaces/srv/detail/grip_command__struct.hpp
-- Symlinking: /workspaces/project_on_robotic/ros2/install/robot_interfaces/include/robot_interfaces/robot_interfaces/srv/detail/grip_command__traits.hpp
-- Symlinking: /workspaces/project_on_robotic/ros2/install/robot_interfaces/include/robot_interfaces/robot_interfaces/srv/detail/grip_command__type_support.hpp
-- Symlinking: /workspaces/project_on_robotic/ros2/install/robot_interfaces/include/robot_interfaces/robot_interfaces/srv/grip_command.hpp
-- Symlinking: /workspaces/project_on_robotic/ros2/install/robot_interfaces/include/robot_interfaces/robot_interfaces/action/detail/move_arm__rosidl_typesupport_fastrtps_cpp.hpp
-- Symlinking: /workspaces/project_on_robotic/ros2/install/robot_interfaces/include/robot_interfaces/robot_interfaces/msg/rosidl_typesupport_fastrtps_cpp__visibility_control.h
-- Symlinking: /workspaces/project_on_robotic/ros2/install/robot_interfaces/include/robot_interfaces/robot_interfaces/srv/detail/grip_command__rosidl_typesupport_fastrtps_cpp.hpp
-- Symlinking: /workspaces/project_on_robotic/ros2/install/robot_interfaces/include/robot_interfaces/robot_interfaces/action/detail/move_arm__rosidl_typesupport_introspection_cpp.hpp
-- Symlinking: /workspaces/project_on_robotic/ros2/install/robot_interfaces/include/robot_interfaces/robot_interfaces/srv/detail/grip_command__rosidl_typesupport_introspection_cpp.hpp
-- Symlinking: /workspaces/project_on_robotic/ros2/install/robot_interfaces/share/robot_interfaces/environment/pythonpath.sh
-- Symlinking: /workspaces/project_on_robotic/ros2/install/robot_interfaces/share/robot_interfaces/environment/pythonpath.dsv
-- Symlinking: /workspaces/project_on_robotic/ros2/install/robot_interfaces/local/lib/python3.10/dist-packages/robot_interfaces-0.0.0-py3.10.egg-info/PKG-INFO
-- Symlinking: /workspaces/project_on_robotic/ros2/install/robot_interfaces/local/lib/python3.10/dist-packages/robot_interfaces-0.0.0-py3.10.egg-info/SOURCES.txt
-- Symlinking: /workspaces/project_on_robotic/ros2/install/robot_interfaces/local/lib/python3.10/dist-packages/robot_interfaces-0.0.0-py3.10.egg-info/dependency_links.txt
-- Symlinking: /workspaces/project_on_robotic/ros2/install/robot_interfaces/local/lib/python3.10/dist-packages/robot_interfaces-0.0.0-py3.10.egg-info/top_level.txt
-- Symlinking: /workspaces/project_on_robotic/ros2/install/robot_interfaces/local/lib/python3.10/dist-packages/robot_interfaces/__init__.py
-- Symlinking: /workspaces/project_on_robotic/ros2/install/robot_interfaces/local/lib/python3.10/dist-packages/robot_interfaces/_robot_interfaces_s.ep.rosidl_typesupport_c.c
-- Symlinking: /workspaces/project_on_robotic/ros2/install/robot_interfaces/local/lib/python3.10/dist-packages/robot_interfaces/_robot_interfaces_s.ep.rosidl_typesupport_fastrtps_c.c
-- Symlinking: /workspaces/project_on_robotic/ros2/install/robot_interfaces/local/lib/python3.10/dist-packages/robot_interfaces/_robot_interfaces_s.ep.rosidl_typesupport_introspection_c.c
-- Symlinking: /workspaces/project_on_robotic/ros2/install/robot_interfaces/local/lib/python3.10/dist-packages/robot_interfaces/action/__init__.py
-- Symlinking: /workspaces/project_on_robotic/ros2/install/robot_interfaces/local/lib/python3.10/dist-packages/robot_interfaces/action/_move_arm.py
-- Symlinking: /workspaces/project_on_robotic/ros2/install/robot_interfaces/local/lib/python3.10/dist-packages/robot_interfaces/action/_move_arm_s.c
-- Symlinking: /workspaces/project_on_robotic/ros2/install/robot_interfaces/local/lib/python3.10/dist-packages/robot_interfaces/librobot_interfaces__rosidl_generator_py.so
-- Symlinking: /workspaces/project_on_robotic/ros2/install/robot_interfaces/local/lib/python3.10/dist-packages/robot_interfaces/robot_interfaces_s__rosidl_typesupport_c.cpython-310-x86_64-linux-gnu.so
-- Symlinking: /workspaces/project_on_robotic/ros2/install/robot_interfaces/local/lib/python3.10/dist-packages/robot_interfaces/robot_interfaces_s__rosidl_typesupport_fastrtps_c.cpython-310-x86_64-linux-gnu.so
-- Symlinking: /workspaces/project_on_robotic/ros2/install/robot_interfaces/local/lib/python3.10/dist-packages/robot_interfaces/robot_interfaces_s__rosidl_typesupport_introspection_c.cpython-310-x86_64-linux-gnu.so
-- Symlinking: /workspaces/project_on_robotic/ros2/install/robot_interfaces/local/lib/python3.10/dist-packages/robot_interfaces/srv/__init__.py
-- Symlinking: /workspaces/project_on_robotic/ros2/install/robot_interfaces/local/lib/python3.10/dist-packages/robot_interfaces/srv/_grip_command.py
-- Symlinking: /workspaces/project_on_robotic/ros2/install/robot_interfaces/local/lib/python3.10/dist-packages/robot_interfaces/srv/_grip_command_s.c
-- Up-to-date symlink: /workspaces/project_on_robotic/ros2/install/robot_interfaces/local/lib/python3.10/dist-packages/robot_interfaces/robot_interfaces_s__rosidl_typesupport_fastrtps_c.cpython-310-x86_64-linux-gnu.so
-- Up-to-date symlink: /workspaces/project_on_robotic/ros2/install/robot_interfaces/local/lib/python3.10/dist-packages/robot_interfaces/robot_interfaces_s__rosidl_typesupport_introspection_c.cpython-310-x86_64-linux-gnu.so
-- Up-to-date symlink: /workspaces/project_on_robotic/ros2/install/robot_interfaces/local/lib/python3.10/dist-packages/robot_interfaces/robot_interfaces_s__rosidl_typesupport_c.cpython-310-x86_64-linux-gnu.so
-- Symlinking: /workspaces/project_on_robotic/ros2/install/robot_interfaces/share/robot_interfaces/srv/GripCommand.idl
-- Symlinking: /workspaces/project_on_robotic/ros2/install/robot_interfaces/share/robot_interfaces/action/MoveArm.idl
-- Symlinking: /workspaces/project_on_robotic/ros2/install/robot_interfaces/share/robot_interfaces/srv/GripCommand.srv
-- Symlinking: /workspaces/project_on_robotic/ros2/install/robot_interfaces/share/robot_interfaces/srv/GripCommand_Request.msg
-- Symlinking: /workspaces/project_on_robotic/ros2/install/robot_interfaces/share/robot_interfaces/srv/GripCommand_Response.msg
-- Symlinking: /workspaces/project_on_robotic/ros2/install/robot_interfaces/share/robot_interfaces/action/MoveArm.action
-- Symlinking: /workspaces/project_on_robotic/ros2/install/robot_interfaces/share/ament_index/resource_index/package_run_dependencies/robot_interfaces
-- Symlinking: /workspaces/project_on_robotic/ros2/install/robot_interfaces/share/ament_index/resource_index/parent_prefix_path/robot_interfaces
-- Symlinking: /workspaces/project_on_robotic/ros2/install/robot_interfaces/share/robot_interfaces/environment/ament_prefix_path.sh
-- Symlinking: /workspaces/project_on_robotic/ros2/install/robot_interfaces/share/robot_interfaces/environment/ament_prefix_path.dsv
-- Symlinking: /workspaces/project_on_robotic/ros2/install/robot_interfaces/share/robot_interfaces/environment/path.sh
-- Symlinking: /workspaces/project_on_robotic/ros2/install/robot_interfaces/share/robot_interfaces/environment/path.dsv
-- Symlinking: /workspaces/project_on_robotic/ros2/install/robot_interfaces/share/robot_interfaces/local_setup.bash
-- Symlinking: /workspaces/project_on_robotic/ros2/install/robot_interfaces/share/robot_interfaces/local_setup.sh
-- Symlinking: /workspaces/project_on_robotic/ros2/install/robot_interfaces/share/robot_interfaces/local_setup.zsh
-- Symlinking: /workspaces/project_on_robotic/ros2/install/robot_interfaces/share/robot_interfaces/local_setup.dsv
-- Symlinking: /workspaces/project_on_robotic/ros2/install/robot_interfaces/share/robot_interfaces/package.dsv
-- Symlinking: /workspaces/project_on_robotic/ros2/install/robot_interfaces/share/ament_index/resource_index/packages/robot_interfaces
-- Symlinking: /workspaces/project_on_robotic/ros2/install/robot_interfaces/share/robot_interfaces/cmake/rosidl_cmake-extras.cmake
-- Symlinking: /workspaces/project_on_robotic/ros2/install/robot_interfaces/share/robot_interfaces/cmake/ament_cmake_export_dependencies-extras.cmake
-- Symlinking: /workspaces/project_on_robotic/ros2/install/robot_interfaces/share/robot_interfaces/cmake/ament_cmake_export_include_directories-extras.cmake
-- Symlinking: /workspaces/project_on_robotic/ros2/install/robot_interfaces/share/robot_interfaces/cmake/ament_cmake_export_libraries-extras.cmake
-- Symlinking: /workspaces/project_on_robotic/ros2/install/robot_interfaces/share/robot_interfaces/cmake/ament_cmake_export_targets-extras.cmake
-- Symlinking: /workspaces/project_on_robotic/ros2/install/robot_interfaces/share/robot_interfaces/cmake/rosidl_cmake_export_typesupport_targets-extras.cmake
-- Symlinking: /workspaces/project_on_robotic/ros2/install/robot_interfaces/share/robot_interfaces/cmake/rosidl_cmake_export_typesupport_libraries-extras.cmake
-- Symlinking: /workspaces/project_on_robotic/ros2/install/robot_interfaces/share/robot_interfaces/cmake/robot_interfacesConfig.cmake
-- Symlinking: /workspaces/project_on_robotic/ros2/install/robot_interfaces/share/robot_interfaces/cmake/robot_interfacesConfig-version.cmake
-- Symlinking: /workspaces/project_on_robotic/ros2/install/robot_interfaces/share/robot_interfaces/package.xml
-- Installing: /workspaces/project_on_robotic/ros2/install/robot_interfaces/lib/librobot_interfaces__rosidl_generator_c.so
-- Set runtime path of "/workspaces/project_on_robotic/ros2/install/robot_interfaces/lib/librobot_interfaces__rosidl_generator_c.so" to ""
-- Installing: /workspaces/project_on_robotic/ros2/install/robot_interfaces/lib/librobot_interfaces__rosidl_typesupport_fastrtps_c.so
-- Set runtime path of "/workspaces/project_on_robotic/ros2/install/robot_interfaces/lib/librobot_interfaces__rosidl_typesupport_fastrtps_c.so" to ""
-- Installing: /workspaces/project_on_robotic/ros2/install/robot_interfaces/lib/librobot_interfaces__rosidl_typesupport_introspection_c.so
-- Set runtime path of "/workspaces/project_on_robotic/ros2/install/robot_interfaces/lib/librobot_interfaces__rosidl_typesupport_introspection_c.so" to ""
-- Installing: /workspaces/project_on_robotic/ros2/install/robot_interfaces/lib/librobot_interfaces__rosidl_typesupport_c.so
-- Set runtime path of "/workspaces/project_on_robotic/ros2/install/robot_interfaces/lib/librobot_interfaces__rosidl_typesupport_c.so" to ""
-- Installing: /workspaces/project_on_robotic/ros2/install/robot_interfaces/lib/librobot_interfaces__rosidl_typesupport_fastrtps_cpp.so
-- Set runtime path of "/workspaces/project_on_robotic/ros2/install/robot_interfaces/lib/librobot_interfaces__rosidl_typesupport_fastrtps_cpp.so" to ""
-- Installing: /workspaces/project_on_robotic/ros2/install/robot_interfaces/lib/librobot_interfaces__rosidl_typesupport_introspection_cpp.so
-- Set runtime path of "/workspaces/project_on_robotic/ros2/install/robot_interfaces/lib/librobot_interfaces__rosidl_typesupport_introspection_cpp.so" to ""
-- Installing: /workspaces/project_on_robotic/ros2/install/robot_interfaces/lib/librobot_interfaces__rosidl_typesupport_cpp.so
-- Set runtime path of "/workspaces/project_on_robotic/ros2/install/robot_interfaces/lib/librobot_interfaces__rosidl_typesupport_cpp.so" to ""
Listing '/workspaces/project_on_robotic/ros2/install/robot_interfaces/local/lib/python3.10/dist-packages/robot_interfaces'...
Compiling '/workspaces/project_on_robotic/ros2/install/robot_interfaces/local/lib/python3.10/dist-packages/robot_interfaces/__init__.py'...
Listing '/workspaces/project_on_robotic/ros2/install/robot_interfaces/local/lib/python3.10/dist-packages/robot_interfaces/action'...
Compiling '/workspaces/project_on_robotic/ros2/install/robot_interfaces/local/lib/python3.10/dist-packages/robot_interfaces/action/__init__.py'...
Compiling '/workspaces/project_on_robotic/ros2/install/robot_interfaces/local/lib/python3.10/dist-packages/robot_interfaces/action/_move_arm.py'...
Listing '/workspaces/project_on_robotic/ros2/install/robot_interfaces/local/lib/python3.10/dist-packages/robot_interfaces/srv'...
Compiling '/workspaces/project_on_robotic/ros2/install/robot_interfaces/local/lib/python3.10/dist-packages/robot_interfaces/srv/__init__.py'...
Compiling '/workspaces/project_on_robotic/ros2/install/robot_interfaces/local/lib/python3.10/dist-packages/robot_interfaces/srv/_grip_command.py'...
-- Installing: /workspaces/project_on_robotic/ros2/install/robot_interfaces/lib/librobot_interfaces__rosidl_generator_py.so
-- Set runtime path of "/workspaces/project_on_robotic/ros2/install/robot_interfaces/lib/librobot_interfaces__rosidl_generator_py.so" to ""
-- Installing: /workspaces/project_on_robotic/ros2/install/robot_interfaces/share/robot_interfaces/cmake/export_robot_interfaces__rosidl_generator_cExport.cmake
-- Installing: /workspaces/project_on_robotic/ros2/install/robot_interfaces/share/robot_interfaces/cmake/export_robot_interfaces__rosidl_generator_cExport-noconfig.cmake
-- Installing: /workspaces/project_on_robotic/ros2/install/robot_interfaces/share/robot_interfaces/cmake/export_robot_interfaces__rosidl_typesupport_fastrtps_cExport.cmake
-- Installing: /workspaces/project_on_robotic/ros2/install/robot_interfaces/share/robot_interfaces/cmake/export_robot_interfaces__rosidl_typesupport_fastrtps_cExport-noconfig.cmake
-- Installing: /workspaces/project_on_robotic/ros2/install/robot_interfaces/share/robot_interfaces/cmake/robot_interfaces__rosidl_typesupport_introspection_cExport.cmake
-- Installing: /workspaces/project_on_robotic/ros2/install/robot_interfaces/share/robot_interfaces/cmake/robot_interfaces__rosidl_typesupport_introspection_cExport-noconfig.cmake
-- Installing: /workspaces/project_on_robotic/ros2/install/robot_interfaces/share/robot_interfaces/cmake/robot_interfaces__rosidl_typesupport_cExport.cmake
-- Installing: /workspaces/project_on_robotic/ros2/install/robot_interfaces/share/robot_interfaces/cmake/robot_interfaces__rosidl_typesupport_cExport-noconfig.cmake
-- Installing: /workspaces/project_on_robotic/ros2/install/robot_interfaces/share/robot_interfaces/cmake/export_robot_interfaces__rosidl_generator_cppExport.cmake
-- Installing: /workspaces/project_on_robotic/ros2/install/robot_interfaces/share/robot_interfaces/cmake/export_robot_interfaces__rosidl_typesupport_fastrtps_cppExport.cmake
-- Installing: /workspaces/project_on_robotic/ros2/install/robot_interfaces/share/robot_interfaces/cmake/export_robot_interfaces__rosidl_typesupport_fastrtps_cppExport-noconfig.cmake
-- Installing: /workspaces/project_on_robotic/ros2/install/robot_interfaces/share/robot_interfaces/cmake/robot_interfaces__rosidl_typesupport_introspection_cppExport.cmake
-- Installing: /workspaces/project_on_robotic/ros2/install/robot_interfaces/share/robot_interfaces/cmake/robot_interfaces__rosidl_typesupport_introspection_cppExport-noconfig.cmake
-- Installing: /workspaces/project_on_robotic/ros2/install/robot_interfaces/share/robot_interfaces/cmake/robot_interfaces__rosidl_typesupport_cppExport.cmake
-- Installing: /workspaces/project_on_robotic/ros2/install/robot_interfaces/share/robot_interfaces/cmake/robot_interfaces__rosidl_typesupport_cppExport-noconfig.cmake
-- Installing: /workspaces/project_on_robotic/ros2/install/robot_interfaces/share/robot_interfaces/cmake/export_robot_interfaces__rosidl_generator_pyExport.cmake
-- Installing: /workspaces/project_on_robotic/ros2/install/robot_interfaces/share/robot_interfaces/cmake/export_robot_interfaces__rosidl_generator_pyExport-noconfig.cmake
