[0.014s] Invoking command in '/workspaces/project_on_robotic/ros2/build/robot_interfaces': CMAKE_PREFIX_PATH=${CMAKE_PREFIX_PATH}:/opt/ros/humble /usr/bin/cmake /workspaces/project_on_robotic/ros2/src/robot_interfaces -DAMENT_CMAKE_SYMLINK_INSTALL=1 -DCMAKE_INSTALL_PREFIX=/workspaces/project_on_robotic/ros2/install/robot_interfaces
[0.132s] -- The C compiler identification is GNU 11.4.0
[0.197s] -- The CXX compiler identification is GNU 11.4.0
[0.207s] -- Detecting C compiler ABI info
[0.274s] -- Detecting C compiler ABI info - done
[0.281s] -- Check for working C compiler: /usr/bin/cc - skipped
[0.281s] -- Detecting C compile features
[0.282s] -- Detecting C compile features - done
[0.285s] -- Detecting CXX compiler ABI info
[0.363s] -- Detecting CXX compiler ABI info - done
[0.370s] -- Check for working CXX compiler: /usr/bin/c++ - skipped
[0.370s] -- Detecting CXX compile features
[0.371s] -- Detecting CXX compile features - done
[0.378s] -- Found ament_cmake: 1.3.12 (/opt/ros/humble/share/ament_cmake/cmake)
[0.528s] -- Found Python3: /usr/bin/python3 (found version "3.10.12") found components: Interpreter 
[0.592s] -- Override CMake install command with custom implementation using symlinks instead of copying resources
[0.632s] -- Found rosidl_default_generators: 1.2.0 (/opt/ros/humble/share/rosidl_default_generators/cmake)
[0.636s] -- Using all available rosidl_typesupport_c: rosidl_typesupport_fastrtps_c;rosidl_typesupport_introspection_c
[0.645s] -- Found rosidl_adapter: 3.1.7 (/opt/ros/humble/share/rosidl_adapter/cmake)
[0.701s] -- Using all available rosidl_typesupport_cpp: rosidl_typesupport_fastrtps_cpp;rosidl_typesupport_introspection_cpp
[0.745s] -- Found action_msgs: 1.2.2 (/opt/ros/humble/share/action_msgs/cmake)
[1.046s] -- Found ament_cmake_ros: 0.10.0 (/opt/ros/humble/share/ament_cmake_ros/cmake)
[1.240s] -- Using all available rosidl_typesupport_c: rosidl_typesupport_fastrtps_c;rosidl_typesupport_introspection_c
[1.477s] -- Using all available rosidl_typesupport_cpp: rosidl_typesupport_fastrtps_cpp;rosidl_typesupport_introspection_cpp
[1.498s] -- Found PythonInterp: /usr/bin/python3 (found suitable version "3.10.12", minimum required is "3.6") 
[1.500s] -- Found python_cmake_module: 0.10.0 (/opt/ros/humble/share/python_cmake_module/cmake)
[1.529s] -- Found PythonLibs: /usr/lib/x86_64-linux-gnu/libpython3.10.so (found suitable version "3.10.12", minimum required is "3.5") 
[1.529s] -- Using PYTHON_EXECUTABLE: /usr/bin/python3
[1.529s] -- Using PYTHON_INCLUDE_DIRS: /usr/include/python3.10
[1.529s] -- Using PYTHON_LIBRARIES: /usr/lib/x86_64-linux-gnu/libpython3.10.so
[1.548s] -- Found PythonExtra: .so  
[1.600s] -- Configuring done
[1.640s] -- Generating done
[1.652s] -- Build files have been written to: /workspaces/project_on_robotic/ros2/build/robot_interfaces
[1.661s] Invoked command in '/workspaces/project_on_robotic/ros2/build/robot_interfaces' returned '0': CMAKE_PREFIX_PATH=${CMAKE_PREFIX_PATH}:/opt/ros/humble /usr/bin/cmake /workspaces/project_on_robotic/ros2/src/robot_interfaces -DAMENT_CMAKE_SYMLINK_INSTALL=1 -DCMAKE_INSTALL_PREFIX=/workspaces/project_on_robotic/ros2/install/robot_interfaces
[1.663s] Invoking command in '/workspaces/project_on_robotic/ros2/build/robot_interfaces': CMAKE_PREFIX_PATH=${CMAKE_PREFIX_PATH}:/opt/ros/humble /usr/bin/cmake --build /workspaces/project_on_robotic/ros2/build/robot_interfaces -- -j12 -l12
[1.700s] [  2%] [34m[1mGenerating C code for ROS interfaces[0m
[1.710s] [  5%] [34m[1mGenerating C++ code for ROS interfaces[0m
[1.717s] [  5%] Built target ament_cmake_python_symlink_robot_interfaces
[1.979s] running egg_info
[1.979s] creating robot_interfaces.egg-info
[1.979s] writing robot_interfaces.egg-info/PKG-INFO
[1.980s] writing dependency_links to robot_interfaces.egg-info/dependency_links.txt
[1.980s] writing top-level names to robot_interfaces.egg-info/top_level.txt
[1.980s] writing manifest file 'robot_interfaces.egg-info/SOURCES.txt'
[1.982s] reading manifest file 'robot_interfaces.egg-info/SOURCES.txt'
[1.982s] writing manifest file 'robot_interfaces.egg-info/SOURCES.txt'
[2.007s] [  5%] Built target ament_cmake_python_build_robot_interfaces_egg
[2.214s] [  7%] [32mBuilding C object CMakeFiles/robot_interfaces__rosidl_generator_c.dir/rosidl_generator_c/robot_interfaces/action/detail/move_arm__functions.c.o[0m
[2.215s] [ 10%] [32mBuilding C object CMakeFiles/robot_interfaces__rosidl_generator_c.dir/rosidl_generator_c/robot_interfaces/srv/detail/grip_command__functions.c.o[0m
[2.227s] [ 10%] Built target robot_interfaces__cpp
[2.238s] [ 15%] [34m[1mGenerating C++ type support dispatch for ROS interfaces[0m
[2.238s] [ 15%] [34m[1mGenerating C++ type support for eProsima Fast-RTPS[0m
[2.239s] [ 17%] [34m[1mGenerating C++ introspection for ROS interfaces[0m
[2.348s] [ 20%] [32m[1mLinking C shared library librobot_interfaces__rosidl_generator_c.so[0m
[2.390s] [ 20%] Built target robot_interfaces__rosidl_generator_c
[2.400s] [ 23%] [34m[1mGenerating C type support dispatch for ROS interfaces[0m
[2.401s] [ 25%] [34m[1mGenerating C type support for eProsima Fast-RTPS[0m
[2.402s] [ 28%] [34m[1mGenerating C introspection for ROS interfaces[0m
[2.605s] [ 33%] [32mBuilding CXX object CMakeFiles/robot_interfaces__rosidl_typesupport_cpp.dir/rosidl_typesupport_cpp/robot_interfaces/srv/grip_command__type_support.cpp.o[0m
[2.605s] [ 33%] [32mBuilding CXX object CMakeFiles/robot_interfaces__rosidl_typesupport_cpp.dir/rosidl_typesupport_cpp/robot_interfaces/action/move_arm__type_support.cpp.o[0m
[2.681s] [ 35%] [32mBuilding CXX object CMakeFiles/robot_interfaces__rosidl_typesupport_introspection_cpp.dir/rosidl_typesupport_introspection_cpp/robot_interfaces/action/detail/move_arm__type_support.cpp.o[0m
[2.682s] [ 38%] [32mBuilding CXX object CMakeFiles/robot_interfaces__rosidl_typesupport_introspection_cpp.dir/rosidl_typesupport_introspection_cpp/robot_interfaces/srv/detail/grip_command__type_support.cpp.o[0m
[2.774s] [ 41%] [32mBuilding CXX object CMakeFiles/robot_interfaces__rosidl_typesupport_fastrtps_cpp.dir/rosidl_typesupport_fastrtps_cpp/robot_interfaces/action/detail/dds_fastrtps/move_arm__type_support.cpp.o[0m
[2.780s] [ 43%] [32mBuilding CXX object CMakeFiles/robot_interfaces__rosidl_typesupport_fastrtps_cpp.dir/rosidl_typesupport_fastrtps_cpp/robot_interfaces/srv/detail/dds_fastrtps/grip_command__type_support.cpp.o[0m
[2.822s] [ 48%] [32mBuilding CXX object CMakeFiles/robot_interfaces__rosidl_typesupport_c.dir/rosidl_typesupport_c/robot_interfaces/srv/grip_command__type_support.cpp.o[0m
[2.823s] [ 48%] [32mBuilding CXX object CMakeFiles/robot_interfaces__rosidl_typesupport_c.dir/rosidl_typesupport_c/robot_interfaces/action/move_arm__type_support.cpp.o[0m
[2.900s] [ 51%] [32m[1mLinking CXX shared library librobot_interfaces__rosidl_typesupport_c.so[0m
[2.982s] [ 51%] Built target robot_interfaces__rosidl_typesupport_c
[2.998s] [ 56%] [32mBuilding C object CMakeFiles/robot_interfaces__rosidl_typesupport_introspection_c.dir/rosidl_typesupport_introspection_c/robot_interfaces/srv/detail/grip_command__type_support.c.o[0m
[2.998s] [ 56%] [32mBuilding C object CMakeFiles/robot_interfaces__rosidl_typesupport_introspection_c.dir/rosidl_typesupport_introspection_c/robot_interfaces/action/detail/move_arm__type_support.c.o[0m
[3.020s] [ 58%] [32mBuilding CXX object CMakeFiles/robot_interfaces__rosidl_typesupport_fastrtps_c.dir/rosidl_typesupport_fastrtps_c/robot_interfaces/srv/detail/grip_command__type_support_c.cpp.o[0m
[3.020s] [ 61%] [32mBuilding CXX object CMakeFiles/robot_interfaces__rosidl_typesupport_fastrtps_c.dir/rosidl_typesupport_fastrtps_c/robot_interfaces/action/detail/move_arm__type_support_c.cpp.o[0m
[3.081s] [ 64%] [32m[1mLinking C shared library librobot_interfaces__rosidl_typesupport_introspection_c.so[0m
[3.147s] [ 64%] Built target robot_interfaces__rosidl_typesupport_introspection_c
[3.278s] [ 66%] [32m[1mLinking CXX shared library librobot_interfaces__rosidl_typesupport_cpp.so[0m
[3.350s] [ 66%] Built target robot_interfaces__rosidl_typesupport_cpp
[3.517s] [ 69%] [32m[1mLinking CXX shared library librobot_interfaces__rosidl_typesupport_introspection_cpp.so[0m
[3.528s] [ 71%] [32m[1mLinking CXX shared library librobot_interfaces__rosidl_typesupport_fastrtps_c.so[0m
[3.570s] [ 74%] [32m[1mLinking CXX shared library librobot_interfaces__rosidl_typesupport_fastrtps_cpp.so[0m
[3.611s] [ 74%] Built target robot_interfaces__rosidl_typesupport_introspection_cpp
[3.618s] [ 74%] Built target robot_interfaces__rosidl_typesupport_fastrtps_c
[3.652s] [ 74%] Built target robot_interfaces__rosidl_typesupport_fastrtps_cpp
[3.672s] [ 74%] Built target robot_interfaces
[3.694s] [ 76%] [34m[1mGenerating Python code for ROS interfaces[0m
[4.481s] [ 76%] Built target robot_interfaces__py
[4.500s] [ 79%] [32mBuilding C object CMakeFiles/robot_interfaces__rosidl_generator_py.dir/rosidl_generator_py/robot_interfaces/srv/_grip_command_s.c.o[0m
[4.500s] [ 82%] [32mBuilding C object CMakeFiles/robot_interfaces__rosidl_generator_py.dir/rosidl_generator_py/robot_interfaces/action/_move_arm_s.c.o[0m
[4.655s] [ 84%] [32m[1mLinking C shared library rosidl_generator_py/robot_interfaces/librobot_interfaces__rosidl_generator_py.so[0m
[4.695s] [ 84%] Built target robot_interfaces__rosidl_generator_py
[4.714s] [ 89%] [32mBuilding C object CMakeFiles/robot_interfaces__rosidl_typesupport_introspection_c__pyext.dir/rosidl_generator_py/robot_interfaces/_robot_interfaces_s.ep.rosidl_typesupport_introspection_c.c.o[0m
[4.714s] [ 89%] [32mBuilding C object CMakeFiles/robot_interfaces__rosidl_typesupport_c__pyext.dir/rosidl_generator_py/robot_interfaces/_robot_interfaces_s.ep.rosidl_typesupport_c.c.o[0m
[4.715s] [ 92%] [32mBuilding C object CMakeFiles/robot_interfaces__rosidl_typesupport_fastrtps_c__pyext.dir/rosidl_generator_py/robot_interfaces/_robot_interfaces_s.ep.rosidl_typesupport_fastrtps_c.c.o[0m
[4.841s] [ 94%] [32m[1mLinking C shared library rosidl_generator_py/robot_interfaces/robot_interfaces_s__rosidl_typesupport_fastrtps_c.cpython-310-x86_64-linux-gnu.so[0m
[4.842s] [ 97%] [32m[1mLinking C shared library rosidl_generator_py/robot_interfaces/robot_interfaces_s__rosidl_typesupport_introspection_c.cpython-310-x86_64-linux-gnu.so[0m
[4.846s] [100%] [32m[1mLinking C shared library rosidl_generator_py/robot_interfaces/robot_interfaces_s__rosidl_typesupport_c.cpython-310-x86_64-linux-gnu.so[0m
[4.881s] [100%] Built target robot_interfaces__rosidl_typesupport_fastrtps_c__pyext
[4.882s] [100%] Built target robot_interfaces__rosidl_typesupport_introspection_c__pyext
[4.883s] [100%] Built target robot_interfaces__rosidl_typesupport_c__pyext
[4.895s] Invoked command in '/workspaces/project_on_robotic/ros2/build/robot_interfaces' returned '0': CMAKE_PREFIX_PATH=${CMAKE_PREFIX_PATH}:/opt/ros/humble /usr/bin/cmake --build /workspaces/project_on_robotic/ros2/build/robot_interfaces -- -j12 -l12
[4.904s] Invoking command in '/workspaces/project_on_robotic/ros2/build/robot_interfaces': CMAKE_PREFIX_PATH=${CMAKE_PREFIX_PATH}:/opt/ros/humble /usr/bin/cmake --install /workspaces/project_on_robotic/ros2/build/robot_interfaces
[4.911s] -- Install configuration: ""
[4.912s] -- Execute custom install script
[4.912s] -- Symlinking: /workspaces/project_on_robotic/ros2/install/robot_interfaces/share/ament_index/resource_index/rosidl_interfaces/robot_interfaces
[4.921s] -- Symlinking: /workspaces/project_on_robotic/ros2/install/robot_interfaces/include/robot_interfaces/robot_interfaces/action/detail/move_arm__functions.h
[4.930s] -- Symlinking: /workspaces/project_on_robotic/ros2/install/robot_interfaces/include/robot_interfaces/robot_interfaces/action/detail/move_arm__struct.h
[4.939s] -- Symlinking: /workspaces/project_on_robotic/ros2/install/robot_interfaces/include/robot_interfaces/robot_interfaces/action/detail/move_arm__type_support.h
[4.947s] -- Symlinking: /workspaces/project_on_robotic/ros2/install/robot_interfaces/include/robot_interfaces/robot_interfaces/action/move_arm.h
[4.955s] -- Symlinking: /workspaces/project_on_robotic/ros2/install/robot_interfaces/include/robot_interfaces/robot_interfaces/msg/rosidl_generator_c__visibility_control.h
[4.962s] -- Symlinking: /workspaces/project_on_robotic/ros2/install/robot_interfaces/include/robot_interfaces/robot_interfaces/srv/detail/grip_command__functions.h
[4.971s] -- Symlinking: /workspaces/project_on_robotic/ros2/install/robot_interfaces/include/robot_interfaces/robot_interfaces/srv/detail/grip_command__struct.h
[4.979s] -- Symlinking: /workspaces/project_on_robotic/ros2/install/robot_interfaces/include/robot_interfaces/robot_interfaces/srv/detail/grip_command__type_support.h
[4.986s] -- Symlinking: /workspaces/project_on_robotic/ros2/install/robot_interfaces/include/robot_interfaces/robot_interfaces/srv/grip_command.h
[4.994s] -- Symlinking: /workspaces/project_on_robotic/ros2/install/robot_interfaces/share/robot_interfaces/environment/library_path.sh
[5.002s] -- Symlinking: /workspaces/project_on_robotic/ros2/install/robot_interfaces/share/robot_interfaces/environment/library_path.dsv
[5.010s] -- Symlinking: /workspaces/project_on_robotic/ros2/install/robot_interfaces/include/robot_interfaces/robot_interfaces/action/detail/move_arm__rosidl_typesupport_fastrtps_c.h
[5.018s] -- Symlinking: /workspaces/project_on_robotic/ros2/install/robot_interfaces/include/robot_interfaces/robot_interfaces/msg/rosidl_typesupport_fastrtps_c__visibility_control.h
[5.027s] -- Symlinking: /workspaces/project_on_robotic/ros2/install/robot_interfaces/include/robot_interfaces/robot_interfaces/srv/detail/grip_command__rosidl_typesupport_fastrtps_c.h
[5.036s] -- Symlinking: /workspaces/project_on_robotic/ros2/install/robot_interfaces/include/robot_interfaces/robot_interfaces/action/detail/move_arm__rosidl_typesupport_introspection_c.h
[5.045s] -- Symlinking: /workspaces/project_on_robotic/ros2/install/robot_interfaces/include/robot_interfaces/robot_interfaces/msg/rosidl_typesupport_introspection_c__visibility_control.h
[5.053s] -- Symlinking: /workspaces/project_on_robotic/ros2/install/robot_interfaces/include/robot_interfaces/robot_interfaces/srv/detail/grip_command__rosidl_typesupport_introspection_c.h
[5.061s] -- Symlinking: /workspaces/project_on_robotic/ros2/install/robot_interfaces/include/robot_interfaces/robot_interfaces/action/detail/move_arm__builder.hpp
[5.069s] -- Symlinking: /workspaces/project_on_robotic/ros2/install/robot_interfaces/include/robot_interfaces/robot_interfaces/action/detail/move_arm__struct.hpp
[5.077s] -- Symlinking: /workspaces/project_on_robotic/ros2/install/robot_interfaces/include/robot_interfaces/robot_interfaces/action/detail/move_arm__traits.hpp
[5.085s] -- Symlinking: /workspaces/project_on_robotic/ros2/install/robot_interfaces/include/robot_interfaces/robot_interfaces/action/detail/move_arm__type_support.hpp
[5.093s] -- Symlinking: /workspaces/project_on_robotic/ros2/install/robot_interfaces/include/robot_interfaces/robot_interfaces/action/move_arm.hpp
[5.101s] -- Symlinking: /workspaces/project_on_robotic/ros2/install/robot_interfaces/include/robot_interfaces/robot_interfaces/msg/rosidl_generator_cpp__visibility_control.hpp
[5.110s] -- Symlinking: /workspaces/project_on_robotic/ros2/install/robot_interfaces/include/robot_interfaces/robot_interfaces/srv/detail/grip_command__builder.hpp
[5.119s] -- Symlinking: /workspaces/project_on_robotic/ros2/install/robot_interfaces/include/robot_interfaces/robot_interfaces/srv/detail/grip_command__struct.hpp
[5.135s] -- Symlinking: /workspaces/project_on_robotic/ros2/install/robot_interfaces/include/robot_interfaces/robot_interfaces/srv/detail/grip_command__traits.hpp
[5.153s] -- Symlinking: /workspaces/project_on_robotic/ros2/install/robot_interfaces/include/robot_interfaces/robot_interfaces/srv/detail/grip_command__type_support.hpp
[5.164s] -- Symlinking: /workspaces/project_on_robotic/ros2/install/robot_interfaces/include/robot_interfaces/robot_interfaces/srv/grip_command.hpp
[5.176s] -- Symlinking: /workspaces/project_on_robotic/ros2/install/robot_interfaces/include/robot_interfaces/robot_interfaces/action/detail/move_arm__rosidl_typesupport_fastrtps_cpp.hpp
[5.184s] -- Symlinking: /workspaces/project_on_robotic/ros2/install/robot_interfaces/include/robot_interfaces/robot_interfaces/msg/rosidl_typesupport_fastrtps_cpp__visibility_control.h
[5.191s] -- Symlinking: /workspaces/project_on_robotic/ros2/install/robot_interfaces/include/robot_interfaces/robot_interfaces/srv/detail/grip_command__rosidl_typesupport_fastrtps_cpp.hpp
[5.199s] -- Symlinking: /workspaces/project_on_robotic/ros2/install/robot_interfaces/include/robot_interfaces/robot_interfaces/action/detail/move_arm__rosidl_typesupport_introspection_cpp.hpp
[5.207s] -- Symlinking: /workspaces/project_on_robotic/ros2/install/robot_interfaces/include/robot_interfaces/robot_interfaces/srv/detail/grip_command__rosidl_typesupport_introspection_cpp.hpp
[5.214s] -- Symlinking: /workspaces/project_on_robotic/ros2/install/robot_interfaces/share/robot_interfaces/environment/pythonpath.sh
[5.223s] -- Symlinking: /workspaces/project_on_robotic/ros2/install/robot_interfaces/share/robot_interfaces/environment/pythonpath.dsv
[5.232s] -- Symlinking: /workspaces/project_on_robotic/ros2/install/robot_interfaces/local/lib/python3.10/dist-packages/robot_interfaces-0.0.0-py3.10.egg-info/PKG-INFO
[5.240s] -- Symlinking: /workspaces/project_on_robotic/ros2/install/robot_interfaces/local/lib/python3.10/dist-packages/robot_interfaces-0.0.0-py3.10.egg-info/SOURCES.txt
[5.247s] -- Symlinking: /workspaces/project_on_robotic/ros2/install/robot_interfaces/local/lib/python3.10/dist-packages/robot_interfaces-0.0.0-py3.10.egg-info/dependency_links.txt
[5.254s] -- Symlinking: /workspaces/project_on_robotic/ros2/install/robot_interfaces/local/lib/python3.10/dist-packages/robot_interfaces-0.0.0-py3.10.egg-info/top_level.txt
[5.262s] -- Symlinking: /workspaces/project_on_robotic/ros2/install/robot_interfaces/local/lib/python3.10/dist-packages/robot_interfaces/__init__.py
[5.270s] -- Symlinking: /workspaces/project_on_robotic/ros2/install/robot_interfaces/local/lib/python3.10/dist-packages/robot_interfaces/_robot_interfaces_s.ep.rosidl_typesupport_c.c
[5.278s] -- Symlinking: /workspaces/project_on_robotic/ros2/install/robot_interfaces/local/lib/python3.10/dist-packages/robot_interfaces/_robot_interfaces_s.ep.rosidl_typesupport_fastrtps_c.c
[5.285s] -- Symlinking: /workspaces/project_on_robotic/ros2/install/robot_interfaces/local/lib/python3.10/dist-packages/robot_interfaces/_robot_interfaces_s.ep.rosidl_typesupport_introspection_c.c
[5.293s] -- Symlinking: /workspaces/project_on_robotic/ros2/install/robot_interfaces/local/lib/python3.10/dist-packages/robot_interfaces/action/__init__.py
[5.300s] -- Symlinking: /workspaces/project_on_robotic/ros2/install/robot_interfaces/local/lib/python3.10/dist-packages/robot_interfaces/action/_move_arm.py
[5.309s] -- Symlinking: /workspaces/project_on_robotic/ros2/install/robot_interfaces/local/lib/python3.10/dist-packages/robot_interfaces/action/_move_arm_s.c
[5.316s] -- Symlinking: /workspaces/project_on_robotic/ros2/install/robot_interfaces/local/lib/python3.10/dist-packages/robot_interfaces/librobot_interfaces__rosidl_generator_py.so
[5.326s] -- Symlinking: /workspaces/project_on_robotic/ros2/install/robot_interfaces/local/lib/python3.10/dist-packages/robot_interfaces/robot_interfaces_s__rosidl_typesupport_c.cpython-310-x86_64-linux-gnu.so
[5.335s] -- Symlinking: /workspaces/project_on_robotic/ros2/install/robot_interfaces/local/lib/python3.10/dist-packages/robot_interfaces/robot_interfaces_s__rosidl_typesupport_fastrtps_c.cpython-310-x86_64-linux-gnu.so
[5.343s] -- Symlinking: /workspaces/project_on_robotic/ros2/install/robot_interfaces/local/lib/python3.10/dist-packages/robot_interfaces/robot_interfaces_s__rosidl_typesupport_introspection_c.cpython-310-x86_64-linux-gnu.so
[5.353s] -- Symlinking: /workspaces/project_on_robotic/ros2/install/robot_interfaces/local/lib/python3.10/dist-packages/robot_interfaces/srv/__init__.py
[5.361s] -- Symlinking: /workspaces/project_on_robotic/ros2/install/robot_interfaces/local/lib/python3.10/dist-packages/robot_interfaces/srv/_grip_command.py
[5.368s] -- Symlinking: /workspaces/project_on_robotic/ros2/install/robot_interfaces/local/lib/python3.10/dist-packages/robot_interfaces/srv/_grip_command_s.c
[5.377s] -- Up-to-date symlink: /workspaces/project_on_robotic/ros2/install/robot_interfaces/local/lib/python3.10/dist-packages/robot_interfaces/robot_interfaces_s__rosidl_typesupport_fastrtps_c.cpython-310-x86_64-linux-gnu.so
[5.378s] -- Up-to-date symlink: /workspaces/project_on_robotic/ros2/install/robot_interfaces/local/lib/python3.10/dist-packages/robot_interfaces/robot_interfaces_s__rosidl_typesupport_introspection_c.cpython-310-x86_64-linux-gnu.so
[5.378s] -- Up-to-date symlink: /workspaces/project_on_robotic/ros2/install/robot_interfaces/local/lib/python3.10/dist-packages/robot_interfaces/robot_interfaces_s__rosidl_typesupport_c.cpython-310-x86_64-linux-gnu.so
[5.378s] -- Symlinking: /workspaces/project_on_robotic/ros2/install/robot_interfaces/share/robot_interfaces/srv/GripCommand.idl
[5.386s] -- Symlinking: /workspaces/project_on_robotic/ros2/install/robot_interfaces/share/robot_interfaces/action/MoveArm.idl
[5.394s] -- Symlinking: /workspaces/project_on_robotic/ros2/install/robot_interfaces/share/robot_interfaces/srv/GripCommand.srv
[5.401s] -- Symlinking: /workspaces/project_on_robotic/ros2/install/robot_interfaces/share/robot_interfaces/srv/GripCommand_Request.msg
[5.409s] -- Symlinking: /workspaces/project_on_robotic/ros2/install/robot_interfaces/share/robot_interfaces/srv/GripCommand_Response.msg
[5.416s] -- Symlinking: /workspaces/project_on_robotic/ros2/install/robot_interfaces/share/robot_interfaces/action/MoveArm.action
[5.426s] -- Symlinking: /workspaces/project_on_robotic/ros2/install/robot_interfaces/share/ament_index/resource_index/package_run_dependencies/robot_interfaces
[5.434s] -- Symlinking: /workspaces/project_on_robotic/ros2/install/robot_interfaces/share/ament_index/resource_index/parent_prefix_path/robot_interfaces
[5.443s] -- Symlinking: /workspaces/project_on_robotic/ros2/install/robot_interfaces/share/robot_interfaces/environment/ament_prefix_path.sh
[5.451s] -- Symlinking: /workspaces/project_on_robotic/ros2/install/robot_interfaces/share/robot_interfaces/environment/ament_prefix_path.dsv
[5.458s] -- Symlinking: /workspaces/project_on_robotic/ros2/install/robot_interfaces/share/robot_interfaces/environment/path.sh
[5.466s] -- Symlinking: /workspaces/project_on_robotic/ros2/install/robot_interfaces/share/robot_interfaces/environment/path.dsv
[5.474s] -- Symlinking: /workspaces/project_on_robotic/ros2/install/robot_interfaces/share/robot_interfaces/local_setup.bash
[5.482s] -- Symlinking: /workspaces/project_on_robotic/ros2/install/robot_interfaces/share/robot_interfaces/local_setup.sh
[5.490s] -- Symlinking: /workspaces/project_on_robotic/ros2/install/robot_interfaces/share/robot_interfaces/local_setup.zsh
[5.498s] -- Symlinking: /workspaces/project_on_robotic/ros2/install/robot_interfaces/share/robot_interfaces/local_setup.dsv
[5.506s] -- Symlinking: /workspaces/project_on_robotic/ros2/install/robot_interfaces/share/robot_interfaces/package.dsv
[5.513s] -- Symlinking: /workspaces/project_on_robotic/ros2/install/robot_interfaces/share/ament_index/resource_index/packages/robot_interfaces
[5.523s] -- Symlinking: /workspaces/project_on_robotic/ros2/install/robot_interfaces/share/robot_interfaces/cmake/rosidl_cmake-extras.cmake
[5.532s] -- Symlinking: /workspaces/project_on_robotic/ros2/install/robot_interfaces/share/robot_interfaces/cmake/ament_cmake_export_dependencies-extras.cmake
[5.541s] -- Symlinking: /workspaces/project_on_robotic/ros2/install/robot_interfaces/share/robot_interfaces/cmake/ament_cmake_export_include_directories-extras.cmake
[5.548s] -- Symlinking: /workspaces/project_on_robotic/ros2/install/robot_interfaces/share/robot_interfaces/cmake/ament_cmake_export_libraries-extras.cmake
[5.555s] -- Symlinking: /workspaces/project_on_robotic/ros2/install/robot_interfaces/share/robot_interfaces/cmake/ament_cmake_export_targets-extras.cmake
[5.563s] -- Symlinking: /workspaces/project_on_robotic/ros2/install/robot_interfaces/share/robot_interfaces/cmake/rosidl_cmake_export_typesupport_targets-extras.cmake
[5.571s] -- Symlinking: /workspaces/project_on_robotic/ros2/install/robot_interfaces/share/robot_interfaces/cmake/rosidl_cmake_export_typesupport_libraries-extras.cmake
[5.579s] -- Symlinking: /workspaces/project_on_robotic/ros2/install/robot_interfaces/share/robot_interfaces/cmake/robot_interfacesConfig.cmake
[5.586s] -- Symlinking: /workspaces/project_on_robotic/ros2/install/robot_interfaces/share/robot_interfaces/cmake/robot_interfacesConfig-version.cmake
[5.594s] -- Symlinking: /workspaces/project_on_robotic/ros2/install/robot_interfaces/share/robot_interfaces/package.xml
[5.602s] -- Installing: /workspaces/project_on_robotic/ros2/install/robot_interfaces/lib/librobot_interfaces__rosidl_generator_c.so
[5.603s] -- Set runtime path of "/workspaces/project_on_robotic/ros2/install/robot_interfaces/lib/librobot_interfaces__rosidl_generator_c.so" to ""
[5.603s] -- Installing: /workspaces/project_on_robotic/ros2/install/robot_interfaces/lib/librobot_interfaces__rosidl_typesupport_fastrtps_c.so
[5.603s] -- Set runtime path of "/workspaces/project_on_robotic/ros2/install/robot_interfaces/lib/librobot_interfaces__rosidl_typesupport_fastrtps_c.so" to ""
[5.603s] -- Installing: /workspaces/project_on_robotic/ros2/install/robot_interfaces/lib/librobot_interfaces__rosidl_typesupport_introspection_c.so
[5.604s] -- Set runtime path of "/workspaces/project_on_robotic/ros2/install/robot_interfaces/lib/librobot_interfaces__rosidl_typesupport_introspection_c.so" to ""
[5.604s] -- Installing: /workspaces/project_on_robotic/ros2/install/robot_interfaces/lib/librobot_interfaces__rosidl_typesupport_c.so
[5.604s] -- Set runtime path of "/workspaces/project_on_robotic/ros2/install/robot_interfaces/lib/librobot_interfaces__rosidl_typesupport_c.so" to ""
[5.604s] -- Installing: /workspaces/project_on_robotic/ros2/install/robot_interfaces/lib/librobot_interfaces__rosidl_typesupport_fastrtps_cpp.so
[5.605s] -- Set runtime path of "/workspaces/project_on_robotic/ros2/install/robot_interfaces/lib/librobot_interfaces__rosidl_typesupport_fastrtps_cpp.so" to ""
[5.605s] -- Installing: /workspaces/project_on_robotic/ros2/install/robot_interfaces/lib/librobot_interfaces__rosidl_typesupport_introspection_cpp.so
[5.605s] -- Set runtime path of "/workspaces/project_on_robotic/ros2/install/robot_interfaces/lib/librobot_interfaces__rosidl_typesupport_introspection_cpp.so" to ""
[5.606s] -- Installing: /workspaces/project_on_robotic/ros2/install/robot_interfaces/lib/librobot_interfaces__rosidl_typesupport_cpp.so
[5.606s] -- Set runtime path of "/workspaces/project_on_robotic/ros2/install/robot_interfaces/lib/librobot_interfaces__rosidl_typesupport_cpp.so" to ""
[5.648s] Listing '/workspaces/project_on_robotic/ros2/install/robot_interfaces/local/lib/python3.10/dist-packages/robot_interfaces'...
[5.649s] Compiling '/workspaces/project_on_robotic/ros2/install/robot_interfaces/local/lib/python3.10/dist-packages/robot_interfaces/__init__.py'...
[5.649s] Listing '/workspaces/project_on_robotic/ros2/install/robot_interfaces/local/lib/python3.10/dist-packages/robot_interfaces/action'...
[5.649s] Compiling '/workspaces/project_on_robotic/ros2/install/robot_interfaces/local/lib/python3.10/dist-packages/robot_interfaces/action/__init__.py'...
[5.649s] Compiling '/workspaces/project_on_robotic/ros2/install/robot_interfaces/local/lib/python3.10/dist-packages/robot_interfaces/action/_move_arm.py'...
[5.649s] Listing '/workspaces/project_on_robotic/ros2/install/robot_interfaces/local/lib/python3.10/dist-packages/robot_interfaces/srv'...
[5.649s] Compiling '/workspaces/project_on_robotic/ros2/install/robot_interfaces/local/lib/python3.10/dist-packages/robot_interfaces/srv/__init__.py'...
[5.649s] Compiling '/workspaces/project_on_robotic/ros2/install/robot_interfaces/local/lib/python3.10/dist-packages/robot_interfaces/srv/_grip_command.py'...
[5.652s] -- Installing: /workspaces/project_on_robotic/ros2/install/robot_interfaces/lib/librobot_interfaces__rosidl_generator_py.so
[5.653s] -- Set runtime path of "/workspaces/project_on_robotic/ros2/install/robot_interfaces/lib/librobot_interfaces__rosidl_generator_py.so" to ""
[5.653s] -- Installing: /workspaces/project_on_robotic/ros2/install/robot_interfaces/share/robot_interfaces/cmake/export_robot_interfaces__rosidl_generator_cExport.cmake
[5.653s] -- Installing: /workspaces/project_on_robotic/ros2/install/robot_interfaces/share/robot_interfaces/cmake/export_robot_interfaces__rosidl_generator_cExport-noconfig.cmake
[5.653s] -- Installing: /workspaces/project_on_robotic/ros2/install/robot_interfaces/share/robot_interfaces/cmake/export_robot_interfaces__rosidl_typesupport_fastrtps_cExport.cmake
[5.653s] -- Installing: /workspaces/project_on_robotic/ros2/install/robot_interfaces/share/robot_interfaces/cmake/export_robot_interfaces__rosidl_typesupport_fastrtps_cExport-noconfig.cmake
[5.653s] -- Installing: /workspaces/project_on_robotic/ros2/install/robot_interfaces/share/robot_interfaces/cmake/robot_interfaces__rosidl_typesupport_introspection_cExport.cmake
[5.654s] -- Installing: /workspaces/project_on_robotic/ros2/install/robot_interfaces/share/robot_interfaces/cmake/robot_interfaces__rosidl_typesupport_introspection_cExport-noconfig.cmake
[5.654s] -- Installing: /workspaces/project_on_robotic/ros2/install/robot_interfaces/share/robot_interfaces/cmake/robot_interfaces__rosidl_typesupport_cExport.cmake
[5.655s] -- Installing: /workspaces/project_on_robotic/ros2/install/robot_interfaces/share/robot_interfaces/cmake/robot_interfaces__rosidl_typesupport_cExport-noconfig.cmake
[5.655s] -- Installing: /workspaces/project_on_robotic/ros2/install/robot_interfaces/share/robot_interfaces/cmake/export_robot_interfaces__rosidl_generator_cppExport.cmake
[5.655s] -- Installing: /workspaces/project_on_robotic/ros2/install/robot_interfaces/share/robot_interfaces/cmake/export_robot_interfaces__rosidl_typesupport_fastrtps_cppExport.cmake
[5.655s] -- Installing: /workspaces/project_on_robotic/ros2/install/robot_interfaces/share/robot_interfaces/cmake/export_robot_interfaces__rosidl_typesupport_fastrtps_cppExport-noconfig.cmake
[5.655s] -- Installing: /workspaces/project_on_robotic/ros2/install/robot_interfaces/share/robot_interfaces/cmake/robot_interfaces__rosidl_typesupport_introspection_cppExport.cmake
[5.655s] -- Installing: /workspaces/project_on_robotic/ros2/install/robot_interfaces/share/robot_interfaces/cmake/robot_interfaces__rosidl_typesupport_introspection_cppExport-noconfig.cmake
[5.655s] -- Installing: /workspaces/project_on_robotic/ros2/install/robot_interfaces/share/robot_interfaces/cmake/robot_interfaces__rosidl_typesupport_cppExport.cmake
[5.655s] -- Installing: /workspaces/project_on_robotic/ros2/install/robot_interfaces/share/robot_interfaces/cmake/robot_interfaces__rosidl_typesupport_cppExport-noconfig.cmake
[5.655s] -- Installing: /workspaces/project_on_robotic/ros2/install/robot_interfaces/share/robot_interfaces/cmake/export_robot_interfaces__rosidl_generator_pyExport.cmake
[5.655s] -- Installing: /workspaces/project_on_robotic/ros2/install/robot_interfaces/share/robot_interfaces/cmake/export_robot_interfaces__rosidl_generator_pyExport-noconfig.cmake
[5.658s] Invoked command in '/workspaces/project_on_robotic/ros2/build/robot_interfaces' returned '0': CMAKE_PREFIX_PATH=${CMAKE_PREFIX_PATH}:/opt/ros/humble /usr/bin/cmake --install /workspaces/project_on_robotic/ros2/build/robot_interfaces
