[0.008s] Invoking command in '/workspaces/project_on_robotic/ros2/build/robot_interfaces': CMAKE_PREFIX_PATH=${CMAKE_PREFIX_PATH}:/workspaces/project_on_robotic/ros2/install/pkg:/opt/ros/humble /usr/bin/cmake --build /workspaces/project_on_robotic/ros2/build/robot_interfaces -- -j12 -l12
[0.051s] [  2%] Built target robot_interfaces__cpp
[0.052s] [ 12%] Built target robot_interfaces__rosidl_generator_c
[0.057s] [ 12%] Built target ament_cmake_python_symlink_robot_interfaces
[0.071s] [ 25%] Built target robot_interfaces__rosidl_typesupport_cpp
[0.071s] [ 41%] Built target robot_interfaces__rosidl_typesupport_introspection_cpp
[0.071s] [ 43%] Built target robot_interfaces__rosidl_typesupport_fastrtps_cpp
[0.075s] [ 74%] Built target robot_interfaces__rosidl_typesupport_c
[0.076s] [ 74%] Built target robot_interfaces__rosidl_typesupport_introspection_c
[0.076s] [ 74%] Built target robot_interfaces__rosidl_typesupport_fastrtps_c
[0.091s] [ 74%] Built target robot_interfaces
[0.108s] [ 76%] Built target robot_interfaces__py
[0.129s] [ 84%] Built target robot_interfaces__rosidl_generator_py
[0.148s] [ 94%] Built target robot_interfaces__rosidl_typesupport_fastrtps_c__pyext
[0.148s] [ 94%] Built target robot_interfaces__rosidl_typesupport_introspection_c__pyext
[0.149s] [100%] Built target robot_interfaces__rosidl_typesupport_c__pyext
[0.243s] running egg_info
[0.244s] writing robot_interfaces.egg-info/PKG-INFO
[0.244s] writing dependency_links to robot_interfaces.egg-info/dependency_links.txt
[0.244s] writing top-level names to robot_interfaces.egg-info/top_level.txt
[0.245s] reading manifest file 'robot_interfaces.egg-info/SOURCES.txt'
[0.246s] writing manifest file 'robot_interfaces.egg-info/SOURCES.txt'
[0.282s] [100%] Built target ament_cmake_python_build_robot_interfaces_egg
[0.297s] Invoked command in '/workspaces/project_on_robotic/ros2/build/robot_interfaces' returned '0': CMAKE_PREFIX_PATH=${CMAKE_PREFIX_PATH}:/workspaces/project_on_robotic/ros2/install/pkg:/opt/ros/humble /usr/bin/cmake --build /workspaces/project_on_robotic/ros2/build/robot_interfaces -- -j12 -l12
[0.305s] Invoking command in '/workspaces/project_on_robotic/ros2/build/robot_interfaces': CMAKE_PREFIX_PATH=${CMAKE_PREFIX_PATH}:/workspaces/project_on_robotic/ros2/install/pkg:/opt/ros/humble /usr/bin/cmake --install /workspaces/project_on_robotic/ros2/build/robot_interfaces
[0.311s] -- Install configuration: ""
[0.311s] -- Execute custom install script
[0.312s] -- Up-to-date symlink: /workspaces/project_on_robotic/ros2/install/robot_interfaces/share/ament_index/resource_index/rosidl_interfaces/robot_interfaces
[0.312s] -- Up-to-date symlink: /workspaces/project_on_robotic/ros2/install/robot_interfaces/include/robot_interfaces/robot_interfaces/action/detail/move_arm__functions.h
[0.312s] -- Up-to-date symlink: /workspaces/project_on_robotic/ros2/install/robot_interfaces/include/robot_interfaces/robot_interfaces/action/detail/move_arm__struct.h
[0.312s] -- Up-to-date symlink: /workspaces/project_on_robotic/ros2/install/robot_interfaces/include/robot_interfaces/robot_interfaces/action/detail/move_arm__type_support.h
[0.312s] -- Up-to-date symlink: /workspaces/project_on_robotic/ros2/install/robot_interfaces/include/robot_interfaces/robot_interfaces/action/move_arm.h
[0.312s] -- Up-to-date symlink: /workspaces/project_on_robotic/ros2/install/robot_interfaces/include/robot_interfaces/robot_interfaces/msg/rosidl_generator_c__visibility_control.h
[0.313s] -- Up-to-date symlink: /workspaces/project_on_robotic/ros2/install/robot_interfaces/include/robot_interfaces/robot_interfaces/srv/detail/grip_command__functions.h
[0.313s] -- Up-to-date symlink: /workspaces/project_on_robotic/ros2/install/robot_interfaces/include/robot_interfaces/robot_interfaces/srv/detail/grip_command__struct.h
[0.313s] -- Up-to-date symlink: /workspaces/project_on_robotic/ros2/install/robot_interfaces/include/robot_interfaces/robot_interfaces/srv/detail/grip_command__type_support.h
[0.313s] -- Up-to-date symlink: /workspaces/project_on_robotic/ros2/install/robot_interfaces/include/robot_interfaces/robot_interfaces/srv/grip_command.h
[0.313s] -- Up-to-date symlink: /workspaces/project_on_robotic/ros2/install/robot_interfaces/share/robot_interfaces/environment/library_path.sh
[0.313s] -- Up-to-date symlink: /workspaces/project_on_robotic/ros2/install/robot_interfaces/share/robot_interfaces/environment/library_path.dsv
[0.313s] -- Up-to-date symlink: /workspaces/project_on_robotic/ros2/install/robot_interfaces/include/robot_interfaces/robot_interfaces/action/detail/move_arm__rosidl_typesupport_fastrtps_c.h
[0.313s] -- Up-to-date symlink: /workspaces/project_on_robotic/ros2/install/robot_interfaces/include/robot_interfaces/robot_interfaces/msg/rosidl_typesupport_fastrtps_c__visibility_control.h
[0.314s] -- Up-to-date symlink: /workspaces/project_on_robotic/ros2/install/robot_interfaces/include/robot_interfaces/robot_interfaces/srv/detail/grip_command__rosidl_typesupport_fastrtps_c.h
[0.314s] -- Up-to-date symlink: /workspaces/project_on_robotic/ros2/install/robot_interfaces/include/robot_interfaces/robot_interfaces/action/detail/move_arm__rosidl_typesupport_introspection_c.h
[0.314s] -- Up-to-date symlink: /workspaces/project_on_robotic/ros2/install/robot_interfaces/include/robot_interfaces/robot_interfaces/msg/rosidl_typesupport_introspection_c__visibility_control.h
[0.314s] -- Up-to-date symlink: /workspaces/project_on_robotic/ros2/install/robot_interfaces/include/robot_interfaces/robot_interfaces/srv/detail/grip_command__rosidl_typesupport_introspection_c.h
[0.314s] -- Up-to-date symlink: /workspaces/project_on_robotic/ros2/install/robot_interfaces/include/robot_interfaces/robot_interfaces/action/detail/move_arm__builder.hpp
[0.315s] -- Up-to-date symlink: /workspaces/project_on_robotic/ros2/install/robot_interfaces/include/robot_interfaces/robot_interfaces/action/detail/move_arm__struct.hpp
[0.315s] -- Up-to-date symlink: /workspaces/project_on_robotic/ros2/install/robot_interfaces/include/robot_interfaces/robot_interfaces/action/detail/move_arm__traits.hpp
[0.315s] -- Up-to-date symlink: /workspaces/project_on_robotic/ros2/install/robot_interfaces/include/robot_interfaces/robot_interfaces/action/detail/move_arm__type_support.hpp
[0.315s] -- Up-to-date symlink: /workspaces/project_on_robotic/ros2/install/robot_interfaces/include/robot_interfaces/robot_interfaces/action/move_arm.hpp
[0.315s] -- Up-to-date symlink: /workspaces/project_on_robotic/ros2/install/robot_interfaces/include/robot_interfaces/robot_interfaces/msg/rosidl_generator_cpp__visibility_control.hpp
[0.315s] -- Up-to-date symlink: /workspaces/project_on_robotic/ros2/install/robot_interfaces/include/robot_interfaces/robot_interfaces/srv/detail/grip_command__builder.hpp
[0.315s] -- Up-to-date symlink: /workspaces/project_on_robotic/ros2/install/robot_interfaces/include/robot_interfaces/robot_interfaces/srv/detail/grip_command__struct.hpp
[0.315s] -- Up-to-date symlink: /workspaces/project_on_robotic/ros2/install/robot_interfaces/include/robot_interfaces/robot_interfaces/srv/detail/grip_command__traits.hpp
[0.315s] -- Up-to-date symlink: /workspaces/project_on_robotic/ros2/install/robot_interfaces/include/robot_interfaces/robot_interfaces/srv/detail/grip_command__type_support.hpp
[0.315s] -- Up-to-date symlink: /workspaces/project_on_robotic/ros2/install/robot_interfaces/include/robot_interfaces/robot_interfaces/srv/grip_command.hpp
[0.316s] -- Up-to-date symlink: /workspaces/project_on_robotic/ros2/install/robot_interfaces/include/robot_interfaces/robot_interfaces/action/detail/move_arm__rosidl_typesupport_fastrtps_cpp.hpp
[0.316s] -- Up-to-date symlink: /workspaces/project_on_robotic/ros2/install/robot_interfaces/include/robot_interfaces/robot_interfaces/msg/rosidl_typesupport_fastrtps_cpp__visibility_control.h
[0.316s] -- Up-to-date symlink: /workspaces/project_on_robotic/ros2/install/robot_interfaces/include/robot_interfaces/robot_interfaces/srv/detail/grip_command__rosidl_typesupport_fastrtps_cpp.hpp
[0.316s] -- Up-to-date symlink: /workspaces/project_on_robotic/ros2/install/robot_interfaces/include/robot_interfaces/robot_interfaces/action/detail/move_arm__rosidl_typesupport_introspection_cpp.hpp
[0.316s] -- Up-to-date symlink: /workspaces/project_on_robotic/ros2/install/robot_interfaces/include/robot_interfaces/robot_interfaces/srv/detail/grip_command__rosidl_typesupport_introspection_cpp.hpp
[0.316s] -- Up-to-date symlink: /workspaces/project_on_robotic/ros2/install/robot_interfaces/share/robot_interfaces/environment/pythonpath.sh
[0.316s] -- Up-to-date symlink: /workspaces/project_on_robotic/ros2/install/robot_interfaces/share/robot_interfaces/environment/pythonpath.dsv
[0.317s] -- Up-to-date symlink: /workspaces/project_on_robotic/ros2/install/robot_interfaces/local/lib/python3.10/dist-packages/robot_interfaces-0.0.0-py3.10.egg-info/PKG-INFO
[0.317s] -- Up-to-date symlink: /workspaces/project_on_robotic/ros2/install/robot_interfaces/local/lib/python3.10/dist-packages/robot_interfaces-0.0.0-py3.10.egg-info/SOURCES.txt
[0.317s] -- Up-to-date symlink: /workspaces/project_on_robotic/ros2/install/robot_interfaces/local/lib/python3.10/dist-packages/robot_interfaces-0.0.0-py3.10.egg-info/dependency_links.txt
[0.317s] -- Up-to-date symlink: /workspaces/project_on_robotic/ros2/install/robot_interfaces/local/lib/python3.10/dist-packages/robot_interfaces-0.0.0-py3.10.egg-info/top_level.txt
[0.317s] -- Up-to-date symlink: /workspaces/project_on_robotic/ros2/install/robot_interfaces/local/lib/python3.10/dist-packages/robot_interfaces/__init__.py
[0.318s] -- Up-to-date symlink: /workspaces/project_on_robotic/ros2/install/robot_interfaces/local/lib/python3.10/dist-packages/robot_interfaces/_robot_interfaces_s.ep.rosidl_typesupport_c.c
[0.318s] -- Up-to-date symlink: /workspaces/project_on_robotic/ros2/install/robot_interfaces/local/lib/python3.10/dist-packages/robot_interfaces/_robot_interfaces_s.ep.rosidl_typesupport_fastrtps_c.c
[0.318s] -- Up-to-date symlink: /workspaces/project_on_robotic/ros2/install/robot_interfaces/local/lib/python3.10/dist-packages/robot_interfaces/_robot_interfaces_s.ep.rosidl_typesupport_introspection_c.c
[0.318s] -- Up-to-date symlink: /workspaces/project_on_robotic/ros2/install/robot_interfaces/local/lib/python3.10/dist-packages/robot_interfaces/action/__init__.py
[0.318s] -- Up-to-date symlink: /workspaces/project_on_robotic/ros2/install/robot_interfaces/local/lib/python3.10/dist-packages/robot_interfaces/action/_move_arm.py
[0.318s] -- Up-to-date symlink: /workspaces/project_on_robotic/ros2/install/robot_interfaces/local/lib/python3.10/dist-packages/robot_interfaces/action/_move_arm_s.c
[0.319s] -- Up-to-date symlink: /workspaces/project_on_robotic/ros2/install/robot_interfaces/local/lib/python3.10/dist-packages/robot_interfaces/librobot_interfaces__rosidl_generator_py.so
[0.319s] -- Up-to-date symlink: /workspaces/project_on_robotic/ros2/install/robot_interfaces/local/lib/python3.10/dist-packages/robot_interfaces/robot_interfaces_s__rosidl_typesupport_c.cpython-310-x86_64-linux-gnu.so
[0.319s] -- Up-to-date symlink: /workspaces/project_on_robotic/ros2/install/robot_interfaces/local/lib/python3.10/dist-packages/robot_interfaces/robot_interfaces_s__rosidl_typesupport_fastrtps_c.cpython-310-x86_64-linux-gnu.so
[0.319s] -- Up-to-date symlink: /workspaces/project_on_robotic/ros2/install/robot_interfaces/local/lib/python3.10/dist-packages/robot_interfaces/robot_interfaces_s__rosidl_typesupport_introspection_c.cpython-310-x86_64-linux-gnu.so
[0.319s] -- Up-to-date symlink: /workspaces/project_on_robotic/ros2/install/robot_interfaces/local/lib/python3.10/dist-packages/robot_interfaces/srv/__init__.py
[0.319s] -- Up-to-date symlink: /workspaces/project_on_robotic/ros2/install/robot_interfaces/local/lib/python3.10/dist-packages/robot_interfaces/srv/_grip_command.py
[0.319s] -- Up-to-date symlink: /workspaces/project_on_robotic/ros2/install/robot_interfaces/local/lib/python3.10/dist-packages/robot_interfaces/srv/_grip_command_s.c
[0.319s] -- Up-to-date symlink: /workspaces/project_on_robotic/ros2/install/robot_interfaces/local/lib/python3.10/dist-packages/robot_interfaces/robot_interfaces_s__rosidl_typesupport_fastrtps_c.cpython-310-x86_64-linux-gnu.so
[0.319s] -- Up-to-date symlink: /workspaces/project_on_robotic/ros2/install/robot_interfaces/local/lib/python3.10/dist-packages/robot_interfaces/robot_interfaces_s__rosidl_typesupport_introspection_c.cpython-310-x86_64-linux-gnu.so
[0.320s] -- Up-to-date symlink: /workspaces/project_on_robotic/ros2/install/robot_interfaces/local/lib/python3.10/dist-packages/robot_interfaces/robot_interfaces_s__rosidl_typesupport_c.cpython-310-x86_64-linux-gnu.so
[0.320s] -- Up-to-date symlink: /workspaces/project_on_robotic/ros2/install/robot_interfaces/share/robot_interfaces/srv/GripCommand.idl
[0.321s] -- Up-to-date symlink: /workspaces/project_on_robotic/ros2/install/robot_interfaces/share/robot_interfaces/action/MoveArm.idl
[0.321s] -- Up-to-date symlink: /workspaces/project_on_robotic/ros2/install/robot_interfaces/share/robot_interfaces/srv/GripCommand.srv
[0.321s] -- Up-to-date symlink: /workspaces/project_on_robotic/ros2/install/robot_interfaces/share/robot_interfaces/srv/GripCommand_Request.msg
[0.321s] -- Up-to-date symlink: /workspaces/project_on_robotic/ros2/install/robot_interfaces/share/robot_interfaces/srv/GripCommand_Response.msg
[0.321s] -- Up-to-date symlink: /workspaces/project_on_robotic/ros2/install/robot_interfaces/share/robot_interfaces/action/MoveArm.action
[0.321s] -- Up-to-date symlink: /workspaces/project_on_robotic/ros2/install/robot_interfaces/share/ament_index/resource_index/package_run_dependencies/robot_interfaces
[0.321s] -- Up-to-date symlink: /workspaces/project_on_robotic/ros2/install/robot_interfaces/share/ament_index/resource_index/parent_prefix_path/robot_interfaces
[0.321s] -- Up-to-date symlink: /workspaces/project_on_robotic/ros2/install/robot_interfaces/share/robot_interfaces/environment/ament_prefix_path.sh
[0.321s] -- Up-to-date symlink: /workspaces/project_on_robotic/ros2/install/robot_interfaces/share/robot_interfaces/environment/ament_prefix_path.dsv
[0.321s] -- Up-to-date symlink: /workspaces/project_on_robotic/ros2/install/robot_interfaces/share/robot_interfaces/environment/path.sh
[0.322s] -- Up-to-date symlink: /workspaces/project_on_robotic/ros2/install/robot_interfaces/share/robot_interfaces/environment/path.dsv
[0.322s] -- Up-to-date symlink: /workspaces/project_on_robotic/ros2/install/robot_interfaces/share/robot_interfaces/local_setup.bash
[0.322s] -- Up-to-date symlink: /workspaces/project_on_robotic/ros2/install/robot_interfaces/share/robot_interfaces/local_setup.sh
[0.322s] -- Up-to-date symlink: /workspaces/project_on_robotic/ros2/install/robot_interfaces/share/robot_interfaces/local_setup.zsh
[0.322s] -- Up-to-date symlink: /workspaces/project_on_robotic/ros2/install/robot_interfaces/share/robot_interfaces/local_setup.dsv
[0.322s] -- Symlinking: /workspaces/project_on_robotic/ros2/install/robot_interfaces/share/robot_interfaces/package.dsv
[0.330s] -- Up-to-date symlink: /workspaces/project_on_robotic/ros2/install/robot_interfaces/share/ament_index/resource_index/packages/robot_interfaces
[0.330s] -- Up-to-date symlink: /workspaces/project_on_robotic/ros2/install/robot_interfaces/share/robot_interfaces/cmake/rosidl_cmake-extras.cmake
[0.330s] -- Up-to-date symlink: /workspaces/project_on_robotic/ros2/install/robot_interfaces/share/robot_interfaces/cmake/ament_cmake_export_dependencies-extras.cmake
[0.330s] -- Up-to-date symlink: /workspaces/project_on_robotic/ros2/install/robot_interfaces/share/robot_interfaces/cmake/ament_cmake_export_include_directories-extras.cmake
[0.330s] -- Up-to-date symlink: /workspaces/project_on_robotic/ros2/install/robot_interfaces/share/robot_interfaces/cmake/ament_cmake_export_libraries-extras.cmake
[0.330s] -- Up-to-date symlink: /workspaces/project_on_robotic/ros2/install/robot_interfaces/share/robot_interfaces/cmake/ament_cmake_export_targets-extras.cmake
[0.330s] -- Up-to-date symlink: /workspaces/project_on_robotic/ros2/install/robot_interfaces/share/robot_interfaces/cmake/rosidl_cmake_export_typesupport_targets-extras.cmake
[0.331s] -- Up-to-date symlink: /workspaces/project_on_robotic/ros2/install/robot_interfaces/share/robot_interfaces/cmake/rosidl_cmake_export_typesupport_libraries-extras.cmake
[0.331s] -- Up-to-date symlink: /workspaces/project_on_robotic/ros2/install/robot_interfaces/share/robot_interfaces/cmake/robot_interfacesConfig.cmake
[0.331s] -- Up-to-date symlink: /workspaces/project_on_robotic/ros2/install/robot_interfaces/share/robot_interfaces/cmake/robot_interfacesConfig-version.cmake
[0.331s] -- Up-to-date symlink: /workspaces/project_on_robotic/ros2/install/robot_interfaces/share/robot_interfaces/package.xml
[0.331s] -- Up-to-date: /workspaces/project_on_robotic/ros2/install/robot_interfaces/lib/librobot_interfaces__rosidl_generator_c.so
[0.331s] -- Up-to-date: /workspaces/project_on_robotic/ros2/install/robot_interfaces/lib/librobot_interfaces__rosidl_typesupport_fastrtps_c.so
[0.332s] -- Up-to-date: /workspaces/project_on_robotic/ros2/install/robot_interfaces/lib/librobot_interfaces__rosidl_typesupport_introspection_c.so
[0.332s] -- Up-to-date: /workspaces/project_on_robotic/ros2/install/robot_interfaces/lib/librobot_interfaces__rosidl_typesupport_c.so
[0.332s] -- Up-to-date: /workspaces/project_on_robotic/ros2/install/robot_interfaces/lib/librobot_interfaces__rosidl_typesupport_fastrtps_cpp.so
[0.333s] -- Up-to-date: /workspaces/project_on_robotic/ros2/install/robot_interfaces/lib/librobot_interfaces__rosidl_typesupport_introspection_cpp.so
[0.333s] -- Up-to-date: /workspaces/project_on_robotic/ros2/install/robot_interfaces/lib/librobot_interfaces__rosidl_typesupport_cpp.so
[0.360s] Listing '/workspaces/project_on_robotic/ros2/install/robot_interfaces/local/lib/python3.10/dist-packages/robot_interfaces'...
[0.360s] Listing '/workspaces/project_on_robotic/ros2/install/robot_interfaces/local/lib/python3.10/dist-packages/robot_interfaces/action'...
[0.360s] Listing '/workspaces/project_on_robotic/ros2/install/robot_interfaces/local/lib/python3.10/dist-packages/robot_interfaces/srv'...
[0.364s] -- Up-to-date: /workspaces/project_on_robotic/ros2/install/robot_interfaces/lib/librobot_interfaces__rosidl_generator_py.so
[0.364s] -- Up-to-date: /workspaces/project_on_robotic/ros2/install/robot_interfaces/share/robot_interfaces/cmake/export_robot_interfaces__rosidl_generator_cExport.cmake
[0.364s] -- Up-to-date: /workspaces/project_on_robotic/ros2/install/robot_interfaces/share/robot_interfaces/cmake/export_robot_interfaces__rosidl_generator_cExport-noconfig.cmake
[0.364s] -- Up-to-date: /workspaces/project_on_robotic/ros2/install/robot_interfaces/share/robot_interfaces/cmake/export_robot_interfaces__rosidl_typesupport_fastrtps_cExport.cmake
[0.365s] -- Up-to-date: /workspaces/project_on_robotic/ros2/install/robot_interfaces/share/robot_interfaces/cmake/export_robot_interfaces__rosidl_typesupport_fastrtps_cExport-noconfig.cmake
[0.365s] -- Up-to-date: /workspaces/project_on_robotic/ros2/install/robot_interfaces/share/robot_interfaces/cmake/robot_interfaces__rosidl_typesupport_introspection_cExport.cmake
[0.365s] -- Up-to-date: /workspaces/project_on_robotic/ros2/install/robot_interfaces/share/robot_interfaces/cmake/robot_interfaces__rosidl_typesupport_introspection_cExport-noconfig.cmake
[0.365s] -- Up-to-date: /workspaces/project_on_robotic/ros2/install/robot_interfaces/share/robot_interfaces/cmake/robot_interfaces__rosidl_typesupport_cExport.cmake
[0.365s] -- Up-to-date: /workspaces/project_on_robotic/ros2/install/robot_interfaces/share/robot_interfaces/cmake/robot_interfaces__rosidl_typesupport_cExport-noconfig.cmake
[0.365s] -- Up-to-date: /workspaces/project_on_robotic/ros2/install/robot_interfaces/share/robot_interfaces/cmake/export_robot_interfaces__rosidl_generator_cppExport.cmake
[0.365s] -- Up-to-date: /workspaces/project_on_robotic/ros2/install/robot_interfaces/share/robot_interfaces/cmake/export_robot_interfaces__rosidl_typesupport_fastrtps_cppExport.cmake
[0.365s] -- Up-to-date: /workspaces/project_on_robotic/ros2/install/robot_interfaces/share/robot_interfaces/cmake/export_robot_interfaces__rosidl_typesupport_fastrtps_cppExport-noconfig.cmake
[0.365s] -- Up-to-date: /workspaces/project_on_robotic/ros2/install/robot_interfaces/share/robot_interfaces/cmake/robot_interfaces__rosidl_typesupport_introspection_cppExport.cmake
[0.365s] -- Up-to-date: /workspaces/project_on_robotic/ros2/install/robot_interfaces/share/robot_interfaces/cmake/robot_interfaces__rosidl_typesupport_introspection_cppExport-noconfig.cmake
[0.365s] -- Up-to-date: /workspaces/project_on_robotic/ros2/install/robot_interfaces/share/robot_interfaces/cmake/robot_interfaces__rosidl_typesupport_cppExport.cmake
[0.365s] -- Up-to-date: /workspaces/project_on_robotic/ros2/install/robot_interfaces/share/robot_interfaces/cmake/robot_interfaces__rosidl_typesupport_cppExport-noconfig.cmake
[0.365s] -- Up-to-date: /workspaces/project_on_robotic/ros2/install/robot_interfaces/share/robot_interfaces/cmake/export_robot_interfaces__rosidl_generator_pyExport.cmake
[0.365s] -- Up-to-date: /workspaces/project_on_robotic/ros2/install/robot_interfaces/share/robot_interfaces/cmake/export_robot_interfaces__rosidl_generator_pyExport-noconfig.cmake
[0.367s] Invoked command in '/workspaces/project_on_robotic/ros2/build/robot_interfaces' returned '0': CMAKE_PREFIX_PATH=${CMAKE_PREFIX_PATH}:/workspaces/project_on_robotic/ros2/install/pkg:/opt/ros/humble /usr/bin/cmake --install /workspaces/project_on_robotic/ros2/build/robot_interfaces
